DEBUG: Parsed arguments:
  symbols: ['AAPL']
  types: None
  max_days: 8
  start_date: None
  end_date: None
  spread: True
  spread_strike_tolerance: 5.0
  spread_long_days: 70
  spread_long_min_days: 30
  spread_long_days_tolerance: 10
  position_size: 100000.0
  top_n: 5
  sort: short_daily_premium
  timestamp_lookback_days: 7
  max_workers: 1
Database connection established successfully (cache: enabled).
2025-11-08 18:37:08 [PID:28130] [questdb_db] [DEBUG] - Creating QuestDB tables...
2025-11-08 18:37:08 [PID:28130] [questdb_db] [DEBUG] - Creating QuestDB tables...
DEBUG: Symbols list: ['AAPL']
DEBUG: Fetching financial info for 1 tickers
2025-11-08 18:37:08 [PID:28130] [questdb_db] [DEBUG] - [CACHE HIT] Retrieved from cache: stocks:financial_info:AAPL (rows: 1)
2025-11-08 18:37:08 [PID:28130] [questdb_db] [DEBUG] - [DB] Returning cached financial info for AAPL
DEBUG: Starting options fetch for 1 tickers
DEBUG: Date range: 2025-11-08 to 2025-11-16
DEBUG: Tickers: ['AAPL']
2025-11-08 18:37:08 [PID:28130] [questdb_db] [DEBUG] - [DB QUERY] options data for AAPL
2025-11-08 18:37:08 [PID:28130] [questdb_db] [DEBUG] - [DB QUERY] SQL: SELECT * FROM (
  SELECT *, 
         ROW_NUMBER() OVER (PARTITION BY option_ticker, expiration_date, strike_price, option_type 
                           ORDER BY write_timestamp DESC) as rn
  FROM options_data
  WHERE ticker = $1 AND expiration_date >= $2 AND expiration_date <= $3
)
WHERE rn = 1
2025-11-08 18:37:08 [PID:28130] [questdb_db] [DEBUG] - [DB QUERY] Params: ['AAPL', datetime.datetime(2025, 11, 8, 0, 0), datetime.datetime(2025, 11, 16, 0, 0)]
2025-11-08 18:37:08 [PID:28130] [questdb_db] [DEBUG] - [DB QUERY] Fetched 108 rows from options_data for AAPL
2025-11-08 18:37:09 [PID:28130] [questdb_db] [DEBUG] - [CACHE] Found 108/108 options in cache for AAPL
2025-11-08 18:37:09 [PID:28130] [questdb_db] [DEBUG] - [CACHE] All 108 options found in cache for AAPL
DEBUG: Fetched 108 total options from database
DEBUG: Options columns: ['ticker', 'option_ticker', 'expiration_date', 'strike_price', 'option_type', 'write_timestamp', 'last_quote_timestamp', 'price', 'bid', 'ask', 'day_close', 'fmv', 'delta', 'gamma', 'theta', 'vega', 'rho', 'implied_volatility', 'volume', 'open_interest']
DEBUG: Options tickers: ['AAPL']
DEBUG: Option types found: ['call', 'put']
DEBUG: After call filter: 54 options (was 108)
2025-11-08 18:37:09 [PID:28130] [questdb_db] [DEBUG] - [DB] Fetching latest price for AAPL (use_market_time=True)
DEBUG: Fetched stock prices for 1/1 tickers
DEBUG: Sample prices: [('AAPL', 268.689)]
DEBUG: After price mapping: 54 options (was 54)
DEBUG: Spread mode parameters:
  spread_strike_tolerance: 5.0%
  spread_long_days: 70
  spread_long_min_days: 30
  spread_long_days_tolerance: 10
DEBUG: Calculated long-term date range: 2025-12-08 to 2026-01-17 (from today 2025-11-08)
DEBUG: Using timestamp_lookback_days=180 for long-term options (vs 7 for short-term)
DEBUG: Calling get_latest_options_data_batch with:
  tickers: ['AAPL']
  start_datetime: 2025-12-08
  end_datetime: 2026-01-17
  timestamp_lookback_days: 180
2025-11-08 18:37:09 [PID:28130] [questdb_db] [DEBUG] - [DB QUERY] options data for AAPL
2025-11-08 18:37:09 [PID:28130] [questdb_db] [DEBUG] - [DB QUERY] SQL: SELECT * FROM (
  SELECT *, 
         ROW_NUMBER() OVER (PARTITION BY option_ticker, expiration_date, strike_price, option_type 
                           ORDER BY write_timestamp DESC) as rn
  FROM options_data
  WHERE ticker = $1 AND expiration_date >= $2 AND expiration_date <= $3
)
WHERE rn = 1
2025-11-08 18:37:09 [PID:28130] [questdb_db] [DEBUG] - [DB QUERY] Params: ['AAPL', datetime.datetime(2025, 12, 8, 0, 0), datetime.datetime(2026, 1, 17, 0, 0)]
2025-11-08 18:37:09 [PID:28130] [questdb_db] [DEBUG] - [DB QUERY] Fetched 254 rows from options_data for AAPL
2025-11-08 18:37:09 [PID:28130] [questdb_db] [DEBUG] - [CACHE] Found 254/254 options in cache for AAPL
2025-11-08 18:37:09 [PID:28130] [questdb_db] [DEBUG] - [CACHE] All 254 options found in cache for AAPL
DEBUG: Batch fetch returned 254 rows
Using 1 symbols provided via --symbols: AAPL
Analyzing 1 tickers...
Using max_days=8: filtering options expiring through 2025-11-16
Using single-process mode

=== Starting Spread Analysis ===
Short-term options found: 54
Short-term tickers: ['AAPL']
Short-term strike range: $190.00 to $350.00
Short-term days to expiry: 5 to 5
Fetching long-term options expiring between 30 and 70 days
  Date range: 2025-12-08 to 2026-01-17
DEBUG: Tickers to fetch: ['AAPL']
DEBUG: Short-term options count: 54
DEBUG: Short-term date range in df_short:
  Min expiration: 2025-11-14 00:00:00+00:00
  Max expiration: 2025-11-14 00:00:00+00:00
DEBUG: Fetched 254 total options from database
DEBUG: Long options columns: ['ticker', 'option_ticker', 'expiration_date', 'strike_price', 'option_type', 'write_timestamp', 'last_quote_timestamp', 'price', 'bid', 'ask', 'day_close', 'fmv', 'delta', 'gamma', 'theta', 'vega', 'rho', 'implied_volatility', 'volume', 'open_interest']
DEBUG: Long options tickers: ['AAPL']
DEBUG:   AAPL: 254 options
DEBUG: Option types: ['call', 'put']
DEBUG: After filtering for calls: 127 call options
DEBUG: Long options days to expiry range: 33 to 68
DEBUG: Long options strike price range: 190 to 350
DEBUG: Processing AAPL - short strike: $350.00, 127 long options available
DEBUG:   Strike tolerance range: $332.50 to $367.50 (5.0%)
DEBUG:   Found 13 matching long options within strike tolerance
DEBUG: Processing AAPL - short strike: $190.00, 127 long options available
DEBUG:   Strike tolerance range: $180.50 to $199.50 (5.0%)
DEBUG:   Found 6 matching long options within strike tolerance
DEBUG: Processing AAPL - short strike: $200.00, 127 long options available
DEBUG:   Strike tolerance range: $190.00 to $210.00 (5.0%)
DEBUG:   Found 18 matching long options within strike tolerance
DEBUG: Processing AAPL - short strike: $195.00, 127 long options available
DEBUG:   Strike tolerance range: $185.25 to $204.75 (5.0%)
DEBUG:   Found 10 matching long options within strike tolerance
DEBUG: Processing AAPL - short strike: $205.00, 127 long options available
DEBUG:   Strike tolerance range: $194.75 to $215.25 (5.0%)
DEBUG:   Found 19 matching long options within strike tolerance
DEBUG: Processing AAPL - short strike: $210.00, 127 long options available
DEBUG:   Strike tolerance range: $199.50 to $220.50 (5.0%)
DEBUG:   Found 20 matching long options within strike tolerance
DEBUG: Processing AAPL - short strike: $215.00, 127 long options available
DEBUG:   Strike tolerance range: $204.25 to $225.75 (5.0%)
DEBUG:   Found 20 matching long options within strike tolerance
DEBUG: Processing AAPL - short strike: $330.00, 127 long options available
DEBUG:   Strike tolerance range: $313.50 to $346.50 (5.0%)
DEBUG:   Found 26 matching long options within strike tolerance
DEBUG: Processing AAPL - short strike: $325.00, 127 long options available
DEBUG:   Strike tolerance range: $308.75 to $341.25 (5.0%)
DEBUG:   Found 28 matching long options within strike tolerance
DEBUG: Processing AAPL - short strike: $335.00, 127 long options available
DEBUG:   Strike tolerance range: $318.25 to $351.75 (5.0%)
DEBUG:   Found 25 matching long options within strike tolerance
DEBUG: Processing AAPL - short strike: $340.00, 127 long options available
DEBUG:   Strike tolerance range: $323.00 to $357.00 (5.0%)
DEBUG:   Found 21 matching long options within strike tolerance
DEBUG: Processing AAPL - short strike: $345.00, 127 long options available
DEBUG:   Strike tolerance range: $327.75 to $362.25 (5.0%)
DEBUG:   Found 17 matching long options within strike tolerance
DEBUG: Processing AAPL - short strike: $220.00, 127 long options available
DEBUG:   Strike tolerance range: $209.00 to $231.00 (5.0%)
DEBUG:   Found 20 matching long options within strike tolerance
DEBUG: Processing AAPL - short strike: $230.00, 127 long options available
DEBUG:   Strike tolerance range: $218.50 to $241.50 (5.0%)
DEBUG:   Found 20 matching long options within strike tolerance
DEBUG: Processing AAPL - short strike: $232.50, 127 long options available
DEBUG:   Strike tolerance range: $220.88 to $244.12 (5.0%)
DEBUG:   Found 16 matching long options within strike tolerance
DEBUG: Processing AAPL - short strike: $225.00, 127 long options available
DEBUG:   Strike tolerance range: $213.75 to $236.25 (5.0%)
DEBUG:   Found 20 matching long options within strike tolerance
DEBUG: Processing AAPL - short strike: $227.50, 127 long options available
DEBUG:   Strike tolerance range: $216.12 to $238.88 (5.0%)
DEBUG:   Found 16 matching long options within strike tolerance
DEBUG: Processing AAPL - short strike: $222.50, 127 long options available
DEBUG:   Strike tolerance range: $211.38 to $233.62 (5.0%)
DEBUG:   Found 16 matching long options within strike tolerance
DEBUG: Processing AAPL - short strike: $237.50, 127 long options available
DEBUG:   Strike tolerance range: $225.62 to $249.38 (5.0%)
DEBUG:   Found 16 matching long options within strike tolerance
DEBUG: Processing AAPL - short strike: $235.00, 127 long options available
DEBUG:   Strike tolerance range: $223.25 to $246.75 (5.0%)
DEBUG:   Found 20 matching long options within strike tolerance
DEBUG: Processing AAPL - short strike: $240.00, 127 long options available
DEBUG:   Strike tolerance range: $228.00 to $252.00 (5.0%)
DEBUG:   Found 20 matching long options within strike tolerance
DEBUG: Processing AAPL - short strike: $242.50, 127 long options available
DEBUG:   Strike tolerance range: $230.38 to $254.62 (5.0%)
DEBUG:   Found 16 matching long options within strike tolerance
DEBUG: Processing AAPL - short strike: $245.00, 127 long options available
DEBUG:   Strike tolerance range: $232.75 to $257.25 (5.0%)
DEBUG:   Found 20 matching long options within strike tolerance
DEBUG: Processing AAPL - short strike: $247.50, 127 long options available
DEBUG:   Strike tolerance range: $235.12 to $259.88 (5.0%)
DEBUG:   Found 16 matching long options within strike tolerance
DEBUG: Processing AAPL - short strike: $250.00, 127 long options available
DEBUG:   Strike tolerance range: $237.50 to $262.50 (5.0%)
DEBUG:   Found 20 matching long options within strike tolerance
DEBUG: Processing AAPL - short strike: $252.50, 127 long options available
DEBUG:   Strike tolerance range: $239.88 to $265.12 (5.0%)
DEBUG:   Found 24 matching long options within strike tolerance
DEBUG: Processing AAPL - short strike: $255.00, 127 long options available
DEBUG:   Strike tolerance range: $242.25 to $267.75 (5.0%)
DEBUG:   Found 20 matching long options within strike tolerance
DEBUG: Processing AAPL - short strike: $257.50, 127 long options available
DEBUG:   Strike tolerance range: $244.62 to $270.38 (5.0%)
DEBUG:   Found 24 matching long options within strike tolerance
DEBUG: Processing AAPL - short strike: $262.50, 127 long options available
DEBUG:   Strike tolerance range: $249.38 to $275.62 (5.0%)
DEBUG:   Found 24 matching long options within strike tolerance
DEBUG: Processing AAPL - short strike: $260.00, 127 long options available
DEBUG:   Strike tolerance range: $247.00 to $273.00 (5.0%)
DEBUG:   Found 20 matching long options within strike tolerance
DEBUG: Processing AAPL - short strike: $267.50, 127 long options available
DEBUG:   Strike tolerance range: $254.12 to $280.88 (5.0%)
DEBUG:   Found 24 matching long options within strike tolerance
DEBUG: Processing AAPL - short strike: $265.00, 127 long options available
DEBUG:   Strike tolerance range: $251.75 to $278.25 (5.0%)
DEBUG:   Found 20 matching long options within strike tolerance
DEBUG: Processing AAPL - short strike: $272.50, 127 long options available
DEBUG:   Strike tolerance range: $258.88 to $286.12 (5.0%)
DEBUG:   Found 24 matching long options within strike tolerance
DEBUG: Processing AAPL - short strike: $270.00, 127 long options available
DEBUG:   Strike tolerance range: $256.50 to $283.50 (5.0%)
DEBUG:   Found 20 matching long options within strike tolerance
DEBUG: Processing AAPL - short strike: $277.50, 127 long options available
DEBUG:   Strike tolerance range: $263.62 to $291.38 (5.0%)
DEBUG:   Found 24 matching long options within strike tolerance
DEBUG: Processing AAPL - short strike: $275.00, 127 long options availableDEBUG: Final options count before spread/filtering: 54

=== Cache Statistics ===
Cache Status: ENABLED
Total Requests: 436
Cache Hits: 436
Cache Misses: 0
Hit Rate: 100.00%
Cache Sets: 0
Cache Invalidations: 0
Cache Errors: 0

=== Database Query Statistics ===
Total Database Queries: 0
===================================

DEBUG: format_output called with 54 rows
DEBUG: After top-n filter (5): 5 rows (was 54)

DEBUG:   Strike tolerance range: $261.25 to $288.75 (5.0%)
DEBUG:   Found 20 matching long options within strike tolerance
DEBUG: Processing AAPL - short strike: $280.00, 127 long options available
DEBUG:   Strike tolerance range: $266.00 to $294.00 (5.0%)
DEBUG:   Found 20 matching long options within strike tolerance
DEBUG: Processing AAPL - short strike: $282.50, 127 long options available
DEBUG:   Strike tolerance range: $268.38 to $296.62 (5.0%)
DEBUG:   Found 24 matching long options within strike tolerance
DEBUG: Processing AAPL - short strike: $287.50, 127 long options available
DEBUG:   Strike tolerance range: $273.12 to $301.88 (5.0%)
DEBUG:   Found 24 matching long options within strike tolerance
DEBUG: Processing AAPL - short strike: $285.00, 127 long options available
DEBUG:   Strike tolerance range: $270.75 to $299.25 (5.0%)
DEBUG:   Found 20 matching long options within strike tolerance
DEBUG: Processing AAPL - short strike: $290.00, 127 long options available
DEBUG:   Strike tolerance range: $275.50 to $304.50 (5.0%)
DEBUG:   Found 20 matching long options within strike tolerance
DEBUG: Processing AAPL - short strike: $292.50, 127 long options available
DEBUG:   Strike tolerance range: $277.88 to $307.12 (5.0%)
DEBUG:   Found 24 matching long options within strike tolerance
DEBUG: Processing AAPL - short strike: $297.50, 127 long options available
DEBUG:   Strike tolerance range: $282.62 to $312.38 (5.0%)
DEBUG:   Found 24 matching long options within strike tolerance
DEBUG: Processing AAPL - short strike: $295.00, 127 long options available
DEBUG:   Strike tolerance range: $280.25 to $309.75 (5.0%)
DEBUG:   Found 20 matching long options within strike tolerance
DEBUG: Processing AAPL - short strike: $300.00, 127 long options available
DEBUG:   Strike tolerance range: $285.00 to $315.00 (5.0%)
DEBUG:   Found 28 matching long options within strike tolerance
DEBUG: Processing AAPL - short strike: $302.50, 127 long options available
DEBUG:   Strike tolerance range: $287.38 to $317.62 (5.0%)
DEBUG:   Found 24 matching long options within strike tolerance
DEBUG: Processing AAPL - short strike: $305.00, 127 long options available
DEBUG:   Strike tolerance range: $289.75 to $320.25 (5.0%)
DEBUG:   Found 28 matching long options within strike tolerance
DEBUG: Processing AAPL - short strike: $307.50, 127 long options available
DEBUG:   Strike tolerance range: $292.12 to $322.88 (5.0%)
DEBUG:   Found 24 matching long options within strike tolerance
DEBUG: Processing AAPL - short strike: $310.00, 127 long options available
DEBUG:   Strike tolerance range: $294.50 to $325.50 (5.0%)
DEBUG:   Found 28 matching long options within strike tolerance
DEBUG: Processing AAPL - short strike: $312.50, 127 long options available
DEBUG:   Strike tolerance range: $296.88 to $328.12 (5.0%)
DEBUG:   Found 24 matching long options within strike tolerance
DEBUG: Processing AAPL - short strike: $315.00, 127 long options available
DEBUG:   Strike tolerance range: $299.25 to $330.75 (5.0%)
DEBUG:   Found 28 matching long options within strike tolerance
DEBUG: Processing AAPL - short strike: $317.50, 127 long options available
DEBUG:   Strike tolerance range: $301.62 to $333.38 (5.0%)
DEBUG:   Found 24 matching long options within strike tolerance
DEBUG: Processing AAPL - short strike: $320.00, 127 long options available
DEBUG:   Strike tolerance range: $304.00 to $336.00 (5.0%)
DEBUG:   Found 28 matching long options within strike tolerance
DEBUG: Processing AAPL - short strike: $322.50, 127 long options available
DEBUG:   Strike tolerance range: $306.38 to $338.62 (5.0%)
DEBUG:   Found 24 matching long options within strike tolerance
✓ Found 54 spread opportunities (matched short and long options).
Limiting to top 5 options per ticker (after sorting)
+-------+-------+---------+---------+---------+---------+--------+---------+-------+------+---------------------+--------+--------------+--------------+----------+----------+---------+--------+---------------------------+----------+--------------+-------------+------------+-----------+-------+-------+---------------------+-----------------------+-----------------------+
| TKR   |   P/E |   MKT_B | PRC     | STRK    | ABOVE   | PREM   | PREM%   |   DEL |   TH | EXP (UTC)           |   DAYS | S_PREM_TOT   | S_DAY_PREM   | L_STRK   | L_PREM   |   L_DEL |   L_TH | L_EXP                     |   L_DAYS | L_PREM_TOT   | PREM_DIFF   | NET_PREM   | NET_DAY   |   VOL |   CNT | WRITE_TS (EST)      | OPT_TKR               | L_OPT_TKR             |
+=======+=======+=========+=========+=========+=========+========+=========+=======+======+=====================+========+==============+==============+==========+==========+=========+========+===========================+==========+==============+=============+============+===========+=======+=======+=====================+=======================+=======================+
| AAPL  | 38.06 | 3778.81 | $268.69 | $190.00 | $-78.69 | $80.12 | 29.82%  |   nan |  nan | 2025-11-14 00:00:00 |      5 | $96144.00    | $19228.80    | $190.00  | $79.01   |    0.97 |  -0.04 | 2026-01-16 00:00:00+00:00 |       68 | $94812.00    | $-1.11      | $1332.00   | $266.40   |     4 |    12 | 2025-11-07 17:25:42 | O:AAPL251114C00190000 | O:AAPL260116C00190000 |
+-------+-------+---------+---------+---------+---------+--------+---------+-------+------+---------------------+--------+--------------+--------------+----------+----------+---------+--------+---------------------------+----------+--------------+-------------+------------+-----------+-------+-------+---------------------+-----------------------+-----------------------+
| AAPL  | 38.06 | 3778.81 | $268.69 | $200.00 | $-68.69 | $68.10 | 25.35%  |   nan |  nan | 2025-11-14 00:00:00 |      5 | $95340.00    | $19068.00    | $200.00  | $70.50   |    0.96 |  -0.04 | 2026-01-16 00:00:00+00:00 |       68 | $98700.00    | $2.40       | $-3360.00  | $-672.00  |    54 |    14 | 2025-11-07 17:25:42 | O:AAPL251114C00200000 | O:AAPL260116C00200000 |
+-------+-------+---------+---------+---------+---------+--------+---------+-------+------+---------------------+--------+--------------+--------------+----------+----------+---------+--------+---------------------------+----------+--------------+-------------+------------+-----------+-------+-------+---------------------+-----------------------+-----------------------+
| AAPL  | 38.06 | 3778.81 | $268.69 | $195.00 | $-73.69 | $72.72 | 27.06%  |   nan |  nan | 2025-11-14 00:00:00 |      5 | $94536.00    | $18907.20    | $195.00  | $76.35   |    0.97 |  -0.04 | 2026-01-16 00:00:00+00:00 |       68 | $99255.00    | $3.63       | $-4719.00  | $-943.80  |     3 |    13 | 2025-11-07 17:25:42 | O:AAPL251114C00195000 | O:AAPL260116C00195000 |
+-------+-------+---------+---------+---------+---------+--------+---------+-------+------+---------------------+--------+--------------+--------------+----------+----------+---------+--------+---------------------------+----------+--------------+-------------+------------+-----------+-------+-------+---------------------+-----------------------+-----------------------+
| AAPL  | 38.06 | 3778.81 | $268.69 | $205.00 | $-63.69 | $62.45 | 23.24%  |   nan |  nan | 2025-11-14 00:00:00 |      5 | $93675.00    | $18735.00    | $205.00  | $65.30   |    0.96 |  -0.04 | 2026-01-16 00:00:00+00:00 |       68 | $97950.00    | $2.85       | $-4275.00  | $-855.00  |    98 |    15 | 2025-11-07 17:25:42 | O:AAPL251114C00205000 | O:AAPL260116C00205000 |
+-------+-------+---------+---------+---------+---------+--------+---------+-------+------+---------------------+--------+--------------+--------------+----------+----------+---------+--------+---------------------------+----------+--------------+-------------+------------+-----------+-------+-------+---------------------+-----------------------+-----------------------+
| AAPL  | 38.06 | 3778.81 | $268.69 | $210.00 | $-58.69 | $58.18 | 21.65%  |   nan |  nan | 2025-11-14 00:00:00 |      5 | $93088.00    | $18617.60    | $210.00  | $60.26   |    0.95 |  -0.05 | 2026-01-16 00:00:00+00:00 |       68 | $96416.00    | $2.08       | $-3328.00  | $-665.60  |    45 |    16 | 2025-11-07 17:25:42 | O:AAPL251114C00210000 | O:AAPL260116C00210000 |
+-------+-------+---------+---------+---------+---------+--------+---------+-------+------+---------------------+--------+--------------+--------------+----------+----------+---------+--------+---------------------------+----------+--------------+-------------+------------+-----------+-------+-------+---------------------+-----------------------+-----------------------+
DEBUG: Parsed arguments:
  symbols: ['AAPL']
  types: None
  max_days: 8
  start_date: None
  end_date: None
  spread: True
  spread_strike_tolerance: 5.0
  spread_long_days: 70
  spread_long_min_days: 30
  spread_long_days_tolerance: 10
  position_size: 100000.0
  top_n: 5
  sort: short_daily_premium
  timestamp_lookback_days: 7
  max_workers: 1
Database connection established successfully (cache: enabled).
2025-11-08 18:37:10 [PID:28128] [questdb_db] [DEBUG] - Creating QuestDB tables...
2025-11-08 18:37:10 [PID:28128] [questdb_db] [DEBUG] - Creating QuestDB tables...
DEBUG: Symbols list: ['AAPL']
DEBUG: Fetching financial info for 1 tickers
2025-11-08 18:37:10 [PID:28128] [questdb_db] [DEBUG] - [CACHE HIT] Retrieved from cache: stocks:financial_info:AAPL (rows: 1)
2025-11-08 18:37:10 [PID:28128] [questdb_db] [DEBUG] - [DB] Returning cached financial info for AAPL
DEBUG: Starting options fetch for 1 tickers
DEBUG: Date range: 2025-11-08 to 2025-11-16
DEBUG: Tickers: ['AAPL']
2025-11-08 18:37:10 [PID:28128] [questdb_db] [DEBUG] - [DB QUERY] options data for AAPL
2025-11-08 18:37:10 [PID:28128] [questdb_db] [DEBUG] - [DB QUERY] SQL: SELECT * FROM (
  SELECT *, 
         ROW_NUMBER() OVER (PARTITION BY option_ticker, expiration_date, strike_price, option_type 
                           ORDER BY write_timestamp DESC) as rn
  FROM options_data
  WHERE ticker = $1 AND expiration_date >= $2 AND expiration_date <= $3
)
WHERE rn = 1
2025-11-08 18:37:10 [PID:28128] [questdb_db] [DEBUG] - [DB QUERY] Params: ['AAPL', datetime.datetime(2025, 11, 8, 0, 0), datetime.datetime(2025, 11, 16, 0, 0)]
2025-11-08 18:37:10 [PID:28128] [questdb_db] [DEBUG] - [DB QUERY] Fetched 108 rows from options_data for AAPL
2025-11-08 18:37:10 [PID:28128] [questdb_db] [DEBUG] - [CACHE] Found 108/108 options in cache for AAPL
2025-11-08 18:37:10 [PID:28128] [questdb_db] [DEBUG] - [CACHE] All 108 options found in cache for AAPL
DEBUG: Fetched 108 total options from database
DEBUG: Options columns: ['ticker', 'option_ticker', 'expiration_date', 'strike_price', 'option_type', 'write_timestamp', 'last_quote_timestamp', 'price', 'bid', 'ask', 'day_close', 'fmv', 'delta', 'gamma', 'theta', 'vega', 'rho', 'implied_volatility', 'volume', 'open_interest']
DEBUG: Options tickers: ['AAPL']
DEBUG: Option types found: ['call', 'put']
DEBUG: After call filter: 54 options (was 108)
2025-11-08 18:37:11 [PID:28128] [questdb_db] [DEBUG] - [DB] Fetching latest price for AAPL (use_market_time=True)
DEBUG: Fetched stock prices for 1/1 tickers
DEBUG: Sample prices: [('AAPL', 268.689)]
DEBUG: After price mapping: 54 options (was 54)
DEBUG: Spread mode parameters:
  spread_strike_tolerance: 5.0%
  spread_long_days: 70
  spread_long_min_days: 30
  spread_long_days_tolerance: 10
DEBUG: Calculated long-term date range: 2025-12-08 to 2026-01-17 (from today 2025-11-08)
DEBUG: Using timestamp_lookback_days=180 for long-term options (vs 7 for short-term)
DEBUG: Calling get_latest_options_data_batch with:
  tickers: ['AAPL']
  start_datetime: 2025-12-08
  end_datetime: 2026-01-17
  timestamp_lookback_days: 180
2025-11-08 18:37:11 [PID:28128] [questdb_db] [DEBUG] - [DB QUERY] options data for AAPL
2025-11-08 18:37:11 [PID:28128] [questdb_db] [DEBUG] - [DB QUERY] SQL: SELECT * FROM (
  SELECT *, 
         ROW_NUMBER() OVER (PARTITION BY option_ticker, expiration_date, strike_price, option_type 
                           ORDER BY write_timestamp DESC) as rn
  FROM options_data
  WHERE ticker = $1 AND expiration_date >= $2 AND expiration_date <= $3
)
WHERE rn = 1
2025-11-08 18:37:11 [PID:28128] [questdb_db] [DEBUG] - [DB QUERY] Params: ['AAPL', datetime.datetime(2025, 12, 8, 0, 0), datetime.datetime(2026, 1, 17, 0, 0)]
2025-11-08 18:37:11 [PID:28128] [questdb_db] [DEBUG] - [DB QUERY] Fetched 254 rows from options_data for AAPL
2025-11-08 18:37:11 [PID:28128] [questdb_db] [DEBUG] - [CACHE] Found 254/254 options in cache for AAPL
2025-11-08 18:37:11 [PID:28128] [questdb_db] [DEBUG] - [CACHE] All 254 options found in cache for AAPL
DEBUG: Batch fetch returned 254 rows
Using 1 symbols provided via --symbols: AAPL
Analyzing 1 tickers...
Using max_days=8: filtering options expiring through 2025-11-16
Using single-process mode

=== Starting Spread Analysis ===
Short-term options found: 54
Short-term tickers: ['AAPL']
Short-term strike range: $190.00 to $350.00
Short-term days to expiry: 5 to 5
Fetching long-term options expiring between 30 and 70 days
  Date range: 2025-12-08 to 2026-01-17
DEBUG: Tickers to fetch: ['AAPL']
DEBUG: Short-term options count: 54
DEBUG: Short-term date range in df_short:
  Min expiration: 2025-11-14 00:00:00+00:00
  Max expiration: 2025-11-14 00:00:00+00:00
DEBUG: Fetched 254 total options from database
DEBUG: Long options columns: ['ticker', 'option_ticker', 'expiration_date', 'strike_price', 'option_type', 'write_timestamp', 'last_quote_timestamp', 'price', 'bid', 'ask', 'day_close', 'fmv', 'delta', 'gamma', 'theta', 'vega', 'rho', 'implied_volatility', 'volume', 'open_interest']
DEBUG: Long options tickers: ['AAPL']
DEBUG:   AAPL: 254 options
DEBUG: Option types: ['call', 'put']
DEBUG: After filtering for calls: 127 call options
DEBUG: Long options days to expiry range: 33 to 68
DEBUG: Long options strike price range: 190 to 350
DEBUG: Processing AAPL - short strike: $350.00, 127 long options available
DEBUG:   Strike tolerance range: $332.50 to $367.50 (5.0%)
DEBUG:   Found 13 matching long options within strike tolerance
DEBUG: Processing AAPL - short strike: $190.00, 127 long options available
DEBUG:   Strike tolerance range: $180.50 to $199.50 (5.0%)
DEBUG:   Found 6 matching long options within strike tolerance
DEBUG: Processing AAPL - short strike: $200.00, 127 long options available
DEBUG:   Strike tolerance range: $190.00 to $210.00 (5.0%)
DEBUG:   Found 18 matching long options within strike tolerance
DEBUG: Processing AAPL - short strike: $195.00, 127 long options available
DEBUG:   Strike tolerance range: $185.25 to $204.75 (5.0%)
DEBUG:   Found 10 matching long options within strike tolerance
DEBUG: Processing AAPL - short strike: $205.00, 127 long options available
DEBUG:   Strike tolerance range: $194.75 to $215.25 (5.0%)
DEBUG:   Found 19 matching long options within strike tolerance
DEBUG: Processing AAPL - short strike: $210.00, 127 long options available
DEBUG:   Strike tolerance range: $199.50 to $220.50 (5.0%)
DEBUG:   Found 20 matching long options within strike tolerance
DEBUG: Processing AAPL - short strike: $215.00, 127 long options available
DEBUG:   Strike tolerance range: $204.25 to $225.75 (5.0%)
DEBUG:   Found 20 matching long options within strike tolerance
DEBUG: Processing AAPL - short strike: $330.00, 127 long options available
DEBUG:   Strike tolerance range: $313.50 to $346.50 (5.0%)
DEBUG:   Found 26 matching long options within strike tolerance
DEBUG: Processing AAPL - short strike: $325.00, 127 long options available
DEBUG:   Strike tolerance range: $308.75 to $341.25 (5.0%)
DEBUG:   Found 28 matching long options within strike tolerance
DEBUG: Processing AAPL - short strike: $335.00, 127 long options available
DEBUG:   Strike tolerance range: $318.25 to $351.75 (5.0%)
DEBUG:   Found 25 matching long options within strike tolerance
DEBUG: Processing AAPL - short strike: $340.00, 127 long options available
DEBUG:   Strike tolerance range: $323.00 to $357.00 (5.0%)
DEBUG:   Found 21 matching long options within strike tolerance
DEBUG: Processing AAPL - short strike: $345.00, 127 long options available
DEBUG:   Strike tolerance range: $327.75 to $362.25 (5.0%)
DEBUG:   Found 17 matching long options within strike tolerance
DEBUG: Processing AAPL - short strike: $220.00, 127 long options available
DEBUG:   Strike tolerance range: $209.00 to $231.00 (5.0%)
DEBUG:   Found 20 matching long options within strike tolerance
DEBUG: Processing AAPL - short strike: $230.00, 127 long options available
DEBUG:   Strike tolerance range: $218.50 to $241.50 (5.0%)
DEBUG:   Found 20 matching long options within strike tolerance
DEBUG: Processing AAPL - short strike: $232.50, 127 long options available
DEBUG:   Strike tolerance range: $220.88 to $244.12 (5.0%)
DEBUG:   Found 16 matching long options within strike tolerance
DEBUG: Processing AAPL - short strike: $225.00, 127 long options available
DEBUG:   Strike tolerance range: $213.75 to $236.25 (5.0%)
DEBUG:   Found 20 matching long options within strike tolerance
DEBUG: Processing AAPL - short strike: $227.50, 127 long options available
DEBUG:   Strike tolerance range: $216.12 to $238.88 (5.0%)
DEBUG:   Found 16 matching long options within strike tolerance
DEBUG: Processing AAPL - short strike: $222.50, 127 long options available
DEBUG:   Strike tolerance range: $211.38 to $233.62 (5.0%)
DEBUG:   Found 16 matching long options within strike tolerance
DEBUG: Processing AAPL - short strike: $237.50, 127 long options available
DEBUG:   Strike tolerance range: $225.62 to $249.38 (5.0%)
DEBUG:   Found 16 matching long options within strike tolerance
DEBUG: Processing AAPL - short strike: $235.00, 127 long options available
DEBUG:   Strike tolerance range: $223.25 to $246.75 (5.0%)
DEBUG:   Found 20 matching long options within strike tolerance
DEBUG: Processing AAPL - short strike: $240.00, 127 long options available
DEBUG:   Strike tolerance range: $228.00 to $252.00 (5.0%)
DEBUG:   Found 20 matching long options within strike tolerance
DEBUG: Processing AAPL - short strike: $242.50, 127 long options available
DEBUG:   Strike tolerance range: $230.38 to $254.62 (5.0%)
DEBUG:   Found 16 matching long options within strike tolerance
DEBUG: Processing AAPL - short strike: $245.00, 127 long options available
DEBUG:   Strike tolerance range: $232.75 to $257.25 (5.0%)
DEBUG:   Found 20 matching long options within strike tolerance
DEBUG: Processing AAPL - short strike: $247.50, 127 long options available
DEBUG:   Strike tolerance range: $235.12 to $259.88 (5.0%)
DEBUG:   Found 16 matching long options within strike tolerance
DEBUG: Processing AAPL - short strike: $250.00, 127 long options available
DEBUG:   Strike tolerance range: $237.50 to $262.50 (5.0%)
DEBUG:   Found 20 matching long options within strike tolerance
DEBUG: Processing AAPL - short strike: $252.50, 127 long options available
DEBUG:   Strike tolerance range: $239.88 to $265.12 (5.0%)
DEBUG:   Found 24 matching long options within strike tolerance
DEBUG: Processing AAPL - short strike: $255.00, 127 long options available
DEBUG:   Strike tolerance range: $242.25 to $267.75 (5.0%)
DEBUG:   Found 20 matching long options within strike tolerance
DEBUG: Processing AAPL - short strike: $257.50, 127 long options available
DEBUG:   Strike tolerance range: $244.62 to $270.38 (5.0%)
DEBUG:   Found 24 matching long options within strike tolerance
DEBUG: Processing AAPL - short strike: $262.50, 127 long options available
DEBUG:   Strike tolerance range: $249.38 to $275.62 (5.0%)
DEBUG:   Found 24 matching long options within strike tolerance
DEBUG: Processing AAPL - short strike: $260.00, 127 long options available
DEBUG:   Strike tolerance range: $247.00 to $273.00 (5.0%)
DEBUG:   Found 20 matching long options within strike tolerance
DEBUG: Processing AAPL - short strike: $267.50, 127 long options available
DEBUG:   Strike tolerance range: $254.12 to $280.88 (5.0%)
DEBUG:   Found 24 matching long options within strike tolerance
DEBUG: Processing AAPL - short strike: $265.00, 127 long options available
DEBUG:   Strike tolerance range: $251.75 to $278.25 (5.0%)
DEBUG:   Found 20 matching long options within strike tolerance
DEBUG: Processing AAPL - short strike: $272.50, 127 long options available
DEBUG:   Strike tolerance range: $258.88 to $286.12 (5.0%)
DEBUG:   Found 24 matching long options within strike tolerance
DEBUG: Processing AAPL - short strike: $270.00, 127 long options available
DEBUG:   Strike tolerance range: $256.50 to $283.50 (5.0%)
DEBUG:   Found 20 matching long options within strike tolerance
DEBUG: Processing AAPL - short strike: $277.50, 127 long options available
DEBUG:   Strike tolerance range: $263.62 to $291.38 (5.0%)
DEBUG:   Found 24 matching long options within strike tolerance
DEBUG: Processing AAPL - short strike: $275.00, 127 long options availableDEBUG: Final options count before spread/filtering: 54

=== Cache Statistics ===
Cache Status: ENABLED
Total Requests: 436
Cache Hits: 436
Cache Misses: 0
Hit Rate: 100.00%
Cache Sets: 0
Cache Invalidations: 0
Cache Errors: 0

=== Database Query Statistics ===
Total Database Queries: 0
===================================

DEBUG: format_output called with 54 rows
DEBUG: After top-n filter (5): 5 rows (was 54)

DEBUG:   Strike tolerance range: $261.25 to $288.75 (5.0%)
DEBUG:   Found 20 matching long options within strike tolerance
DEBUG: Processing AAPL - short strike: $280.00, 127 long options available
DEBUG:   Strike tolerance range: $266.00 to $294.00 (5.0%)
DEBUG:   Found 20 matching long options within strike tolerance
DEBUG: Processing AAPL - short strike: $282.50, 127 long options available
DEBUG:   Strike tolerance range: $268.38 to $296.62 (5.0%)
DEBUG:   Found 24 matching long options within strike tolerance
DEBUG: Processing AAPL - short strike: $287.50, 127 long options available
DEBUG:   Strike tolerance range: $273.12 to $301.88 (5.0%)
DEBUG:   Found 24 matching long options within strike tolerance
DEBUG: Processing AAPL - short strike: $285.00, 127 long options available
DEBUG:   Strike tolerance range: $270.75 to $299.25 (5.0%)
DEBUG:   Found 20 matching long options within strike tolerance
DEBUG: Processing AAPL - short strike: $290.00, 127 long options available
DEBUG:   Strike tolerance range: $275.50 to $304.50 (5.0%)
DEBUG:   Found 20 matching long options within strike tolerance
DEBUG: Processing AAPL - short strike: $292.50, 127 long options available
DEBUG:   Strike tolerance range: $277.88 to $307.12 (5.0%)
DEBUG:   Found 24 matching long options within strike tolerance
DEBUG: Processing AAPL - short strike: $297.50, 127 long options available
DEBUG:   Strike tolerance range: $282.62 to $312.38 (5.0%)
DEBUG:   Found 24 matching long options within strike tolerance
DEBUG: Processing AAPL - short strike: $295.00, 127 long options available
DEBUG:   Strike tolerance range: $280.25 to $309.75 (5.0%)
DEBUG:   Found 20 matching long options within strike tolerance
DEBUG: Processing AAPL - short strike: $300.00, 127 long options available
DEBUG:   Strike tolerance range: $285.00 to $315.00 (5.0%)
DEBUG:   Found 28 matching long options within strike tolerance
DEBUG: Processing AAPL - short strike: $302.50, 127 long options available
DEBUG:   Strike tolerance range: $287.38 to $317.62 (5.0%)
DEBUG:   Found 24 matching long options within strike tolerance
DEBUG: Processing AAPL - short strike: $305.00, 127 long options available
DEBUG:   Strike tolerance range: $289.75 to $320.25 (5.0%)
DEBUG:   Found 28 matching long options within strike tolerance
DEBUG: Processing AAPL - short strike: $307.50, 127 long options available
DEBUG:   Strike tolerance range: $292.12 to $322.88 (5.0%)
DEBUG:   Found 24 matching long options within strike tolerance
DEBUG: Processing AAPL - short strike: $310.00, 127 long options available
DEBUG:   Strike tolerance range: $294.50 to $325.50 (5.0%)
DEBUG:   Found 28 matching long options within strike tolerance
DEBUG: Processing AAPL - short strike: $312.50, 127 long options available
DEBUG:   Strike tolerance range: $296.88 to $328.12 (5.0%)
DEBUG:   Found 24 matching long options within strike tolerance
DEBUG: Processing AAPL - short strike: $315.00, 127 long options available
DEBUG:   Strike tolerance range: $299.25 to $330.75 (5.0%)
DEBUG:   Found 28 matching long options within strike tolerance
DEBUG: Processing AAPL - short strike: $317.50, 127 long options available
DEBUG:   Strike tolerance range: $301.62 to $333.38 (5.0%)
DEBUG:   Found 24 matching long options within strike tolerance
DEBUG: Processing AAPL - short strike: $320.00, 127 long options available
DEBUG:   Strike tolerance range: $304.00 to $336.00 (5.0%)
DEBUG:   Found 28 matching long options within strike tolerance
DEBUG: Processing AAPL - short strike: $322.50, 127 long options available
DEBUG:   Strike tolerance range: $306.38 to $338.62 (5.0%)
DEBUG:   Found 24 matching long options within strike tolerance
✓ Found 54 spread opportunities (matched short and long options).
Limiting to top 5 options per ticker (after sorting)
+-------+-------+---------+---------+---------+---------+--------+---------+-------+------+---------------------+--------+--------------+--------------+----------+----------+---------+--------+---------------------------+----------+--------------+-------------+------------+-----------+-------+-------+---------------------+-----------------------+-----------------------+
| TKR   |   P/E |   MKT_B | PRC     | STRK    | ABOVE   | PREM   | PREM%   |   DEL |   TH | EXP (UTC)           |   DAYS | S_PREM_TOT   | S_DAY_PREM   | L_STRK   | L_PREM   |   L_DEL |   L_TH | L_EXP                     |   L_DAYS | L_PREM_TOT   | PREM_DIFF   | NET_PREM   | NET_DAY   |   VOL |   CNT | WRITE_TS (EST)      | OPT_TKR               | L_OPT_TKR             |
+=======+=======+=========+=========+=========+=========+========+=========+=======+======+=====================+========+==============+==============+==========+==========+=========+========+===========================+==========+==============+=============+============+===========+=======+=======+=====================+=======================+=======================+
| AAPL  | 38.06 | 3778.81 | $268.69 | $190.00 | $-78.69 | $80.12 | 29.82%  |   nan |  nan | 2025-11-14 00:00:00 |      5 | $96144.00    | $19228.80    | $190.00  | $79.01   |    0.97 |  -0.04 | 2026-01-16 00:00:00+00:00 |       68 | $94812.00    | $-1.11      | $1332.00   | $266.40   |     4 |    12 | 2025-11-07 17:25:42 | O:AAPL251114C00190000 | O:AAPL260116C00190000 |
+-------+-------+---------+---------+---------+---------+--------+---------+-------+------+---------------------+--------+--------------+--------------+----------+----------+---------+--------+---------------------------+----------+--------------+-------------+------------+-----------+-------+-------+---------------------+-----------------------+-----------------------+
| AAPL  | 38.06 | 3778.81 | $268.69 | $200.00 | $-68.69 | $68.10 | 25.35%  |   nan |  nan | 2025-11-14 00:00:00 |      5 | $95340.00    | $19068.00    | $200.00  | $70.50   |    0.96 |  -0.04 | 2026-01-16 00:00:00+00:00 |       68 | $98700.00    | $2.40       | $-3360.00  | $-672.00  |    54 |    14 | 2025-11-07 17:25:42 | O:AAPL251114C00200000 | O:AAPL260116C00200000 |
+-------+-------+---------+---------+---------+---------+--------+---------+-------+------+---------------------+--------+--------------+--------------+----------+----------+---------+--------+---------------------------+----------+--------------+-------------+------------+-----------+-------+-------+---------------------+-----------------------+-----------------------+
| AAPL  | 38.06 | 3778.81 | $268.69 | $195.00 | $-73.69 | $72.72 | 27.06%  |   nan |  nan | 2025-11-14 00:00:00 |      5 | $94536.00    | $18907.20    | $195.00  | $76.35   |    0.97 |  -0.04 | 2026-01-16 00:00:00+00:00 |       68 | $99255.00    | $3.63       | $-4719.00  | $-943.80  |     3 |    13 | 2025-11-07 17:25:42 | O:AAPL251114C00195000 | O:AAPL260116C00195000 |
+-------+-------+---------+---------+---------+---------+--------+---------+-------+------+---------------------+--------+--------------+--------------+----------+----------+---------+--------+---------------------------+----------+--------------+-------------+------------+-----------+-------+-------+---------------------+-----------------------+-----------------------+
| AAPL  | 38.06 | 3778.81 | $268.69 | $205.00 | $-63.69 | $62.45 | 23.24%  |   nan |  nan | 2025-11-14 00:00:00 |      5 | $93675.00    | $18735.00    | $205.00  | $65.30   |    0.96 |  -0.04 | 2026-01-16 00:00:00+00:00 |       68 | $97950.00    | $2.85       | $-4275.00  | $-855.00  |    98 |    15 | 2025-11-07 17:25:42 | O:AAPL251114C00205000 | O:AAPL260116C00205000 |
+-------+-------+---------+---------+---------+---------+--------+---------+-------+------+---------------------+--------+--------------+--------------+----------+----------+---------+--------+---------------------------+----------+--------------+-------------+------------+-----------+-------+-------+---------------------+-----------------------+-----------------------+
| AAPL  | 38.06 | 3778.81 | $268.69 | $210.00 | $-58.69 | $58.18 | 21.65%  |   nan |  nan | 2025-11-14 00:00:00 |      5 | $93088.00    | $18617.60    | $210.00  | $60.26   |    0.95 |  -0.05 | 2026-01-16 00:00:00+00:00 |       68 | $96416.00    | $2.08       | $-3328.00  | $-665.60  |    45 |    16 | 2025-11-07 17:25:42 | O:AAPL251114C00210000 | O:AAPL260116C00210000 |
+-------+-------+---------+---------+---------+---------+--------+---------+-------+------+---------------------+--------+--------------+--------------+----------+----------+---------+--------+---------------------------+----------+--------------+-------------+------------+-----------+-------+-------+---------------------+-----------------------+-----------------------+
