Database connection established successfully (cache: enabled).
Database log level set to INFO to reduce cache message verbosity (analyzer remains in DEBUG mode)
Analyzing 1 tickers...
DEBUG: Fetching financial info for 1 tickers
DEBUG: Fetched financial info for 1/1 tickers (100%) [cache: 1 hits, 0 misses, 100.0% hit rate]
Applied 1 filter(s) with AND logic:
  1. volume > 1
DEBUG: Using max_days=21: filtering options expiring through 2025-12-09
Long-term options expiring between 90 and 120 days
  Date range: 2026-02-16 to 2026-03-18
DEBUG: Calculated long-term date range: 2026-02-16 to 2026-03-18 (from today 2025-11-18)
Using multiprocessing mode for spread analysis: processing 1 tickers with 5 workers
Each ticker will be processed end-to-end in a separate process (short-term fetch/process, long-term fetch, matching, spread calculations)
Using 1 symbols provided via --symbols: GOOG
DEBUG [PID 74139]: Processing spread analysis for ticker GOOG
DEBUG [PID 74139]: GOOG - Fetching short-term options (date range: 2025-11-18 to 2025-12-09)
2025-11-18 00:20:09 [PID:74139] [questdb_db] [INFO] - [OPTIONS SERVICE] get() called for GOOG with min_write_timestamp=2025-11-14 17:52:38
2025-11-18 00:20:10 [PID:74139] [questdb_db] [INFO] - [CACHE FILTER] min_write_timestamp=2025-11-14 17:52:38 provided, checking 350 cached DataFrames for GOOG
2025-11-18 00:20:10 [PID:74139] [questdb_db] [INFO] - [CACHE FILTER] All 350 cached options passed min_write_timestamp filter for GOOG
DEBUG [PID 74139]: GOOG - Fetched 350 short-term options from DB
DEBUG [PID 74139]: GOOG - After DB fetch (spread): 350 short options, write_timestamp range: 2025-11-16 23:21:37.774000+00:00 to 2025-11-18 08:13:59.098000+00:00 (350 non-null)
DEBUG: GOOG - Found previous close $276.98 for date 2025-11-14 (before reference date 2025-11-17)
DEBUG: GOOG - current_price=$285.60, prev_close=$276.98, source=daily, timestamp=2025-11-17 05:00:00
DEBUG [fetch_latest_option_timestamp_standalone] (Redis): GOOG - age_seconds=369.501474
DEBUG [PID 74139]: GOOG - After sensible_price filter (0.1%): 175 short-term options (was 350)
DEBUG [PID 74139]: GOOG - Before basic filters (spread): 175 short options, write_timestamp range: 2025-11-16 23:21:37.774000+00:00 to 2025-11-18 08:13:59.098000+00:00 (175 non-null)
DEBUG [apply_basic_filters]: Timestamp range: 2025-11-16 23:21:37.774000+00:00 to 2025-11-18 08:13:59.098000+00:00, filter threshold: 2025-11-14 22:52:38+00:00
DEBUG [apply_basic_filters]: Records before filter: 175, threshold: 2025-11-14 22:52:38+00:00
DEBUG [PID 74139]: GOOG - After custom filters (AND: volume > 1): 163 short-term options (was 175)
DEBUG [PID 74139]: GOOG - Fetching long-term options (date range: 2026-02-16 to 2026-03-18)
2025-11-18 00:20:11 [PID:74139] [questdb_db] [INFO] - [OPTIONS SERVICE] get() called for GOOG with min_write_timestamp=2025-11-14 17:52:38
2025-11-18 00:20:11 [PID:74139] [questdb_db] [INFO] - [CACHE FILTER] min_write_timestamp=2025-11-14 17:52:38 provided, checking 76 cached DataFrames for GOOG
2025-11-18 00:20:11 [PID:74139] [questdb_db] [INFO] - [CACHE FILTER] Discarded 70 cached options for GOOG due to missing write_timestamp (will refetch from DB)
2025-11-18 00:20:11 [PID:74139] [questdb_db] [INFO] - [CACHE FILTER] Filtered out 70 cached options with write_timestamp < 2025-11-14 17:52:38 for GOOG (kept 6)
2025-11-18 00:20:11 [PID:74139] [questdb_db] [INFO] - [DB QUERY] Querying DB for 70 options (cache misses after filtering by min_write_timestamp=2025-11-14 17:52:38) for GOOG
2025-11-18 00:20:11 [PID:74139] [questdb_db] [INFO] - [DB QUERY] Using write_timestamp filter (>= 2025-11-14 22:52:38 UTC) instead of timestamp lookback for GOOG
DEBUG [PID 74139]: GOOG - Fetched 76 long-term options from DB
DEBUG [apply_basic_filters]: Warning - 70 records have null write_timestamp after normalization (out of 76 total)
DEBUG [apply_basic_filters]: Timestamp range: 2025-11-16 23:21:39.333000+00:00 to 2025-11-16 23:21:39.333000+00:00, filter threshold: 2025-11-14 22:52:38+00:00
DEBUG [apply_basic_filters]: Records before filter: 76, threshold: 2025-11-14 22:52:38+00:00
DEBUG [apply_basic_filters]: Filtered out 70 records (kept 6), threshold was 2025-11-14 22:52:38+00:00
DEBUG [PID 74139]: GOOG - After long-term write timestamp filter: 6 options (was 76)
DEBUG [PID 74139]: GOOG - Starting spread matching: 163 short options vs 6 long options
DEBUG: Filtered long options by type 'call': 6 -> 3
DEBUG: Processing GOOG - short call strike: $320.00, 3 long call options available
DEBUG:   Strike tolerance range: $304.00 to $336.00 (5.0%)
DEBUG:   Found 0 matching long options within strike tolerance
DEBUG:   No matches. Available strikes for GOOG: [np.float64(185.0), np.float64(190.0), np.float64(195.0)]
DEBUG: Filtered long options by type 'put': 6 -> 3
DEBUG: Processing GOOG - short put strike: $190.00, 3 long put options available
DEBUG:   Strike tolerance range: $180.50 to $199.50 (5.0%)
DEBUG:   Found 3 matching long options within strike tolerance
DEBUG: Filtered long options by type 'call': 6 -> 3
DEBUG: Processing GOOG - short call strike: $327.50, 3 long call options available
DEBUG:   Strike tolerance range: $311.12 to $343.88 (5.0%)
DEBUG:   Found 0 matching long options within strike tolerance
DEBUG:   No matches. Available strikes for GOOG: [np.float64(185.0), np.float64(190.0), np.float64(195.0)]
DEBUG: Filtered long options by type 'call': 6 -> 3
DEBUG: Processing GOOG - short call strike: $300.00, 3 long call options available
DEBUG:   Strike tolerance range: $285.00 to $315.00 (5.0%)
DEBUG:   Found 0 matching long options within strike tolerance
DEBUG:   No matches. Available strikes for GOOG: [np.float64(185.0), np.float64(190.0), np.float64(195.0)]
DEBUG: Filtered long options by type 'put': 6 -> 3
DEBUG: Processing GOOG - short put strike: $257.50, 3 long put options available
DEBUG:   Strike tolerance range: $244.62 to $270.38 (5.0%)
DEBUG:   Found 0 matching long options within strike tolerance
DEBUG:   No matches. Available strikes for GOOG: [np.float64(185.0), np.float64(190.0), np.float64(195.0)]
DEBUG: Filtered long options by type 'put': 6 -> 3
DEBUG: Processing GOOG - short put strike: $272.50, 3 long put options available
DEBUG:   Strike tolerance range: $258.88 to $286.12 (5.0%)
DEBUG:   Found 0 matching long options within strike tolerance
DEBUG:   No matches. Available strikes for GOOG: [np.float64(185.0), np.float64(190.0), np.float64(195.0)]
DEBUG: Filtered long options by type 'put': 6 -> 3
DEBUG: Processing GOOG - short put strike: $242.50, 3 long put options available
DEBUG:   Strike tolerance range: $230.38 to $254.62 (5.0%)
DEBUG:   Found 0 matching long options within strike tolerance
DEBUG:   No matches. Available strikes for GOOG: [np.float64(185.0), np.float64(190.0), np.float64(195.0)]
DEBUG: Filtered long options by type 'call': 6 -> 3
DEBUG: Processing GOOG - short call strike: $297.50, 3 long call options available
DEBUG:   Strike tolerance range: $282.62 to $312.38 (5.0%)
DEBUG:   Found 0 matching long options within strike tolerance
DEBUG:   No matches. Available strikes for GOOG: [np.float64(185.0), np.float64(190.0), np.float64(195.0)]
DEBUG: Filtered long options by type 'put': 6 -> 3
DEBUG: Processing GOOG - short put strike: $265.00, 3 long put options available
DEBUG:   Strike tolerance range: $251.75 to $278.25 (5.0%)
DEBUG:   Found 0 matching long options within strike tolerance
DEBUG:   No matches. Available strikes for GOOG: [np.float64(185.0), np.float64(190.0), np.float64(195.0)]
DEBUG: Filtered long options by type 'call': 6 -> 3
DEBUG: Processing GOOG - short call strike: $335.00, 3 long call options available
DEBUG:   Strike tolerance range: $318.25 to $351.75 (5.0%)
DEBUG:   Found 0 matching long options within strike tolerance
DEBUG:   No matches. Available strikes for GOOG: [np.float64(185.0), np.float64(190.0), np.float64(195.0)]
DEBUG: Filtered long options by type 'put': 6 -> 3
DEBUG: Processing GOOG - short put strike: $285.00, 3 long put options available
DEBUG:   Strike tolerance range: $270.75 to $299.25 (5.0%)
DEBUG:   Found 0 matching long options within strike tolerance
DEBUG:   No matches. Available strikes for GOOG: [np.float64(185.0), np.float64(190.0), np.float64(195.0)]
DEBUG: Filtered long options by type 'call': 6 -> 3
DEBUG: Processing GOOG - short call strike: $312.50, 3 long call options available
DEBUG:   Strike tolerance range: $296.88 to $328.12 (5.0%)
DEBUG:   Found 0 matching long options within strike tolerance
DEBUG:   No matches. Available strikes for GOOG: [np.float64(185.0), np.float64(190.0), np.float64(195.0)]
DEBUG: Filtered long options by type 'put': 6 -> 3
DEBUG: Processing GOOG - short put strike: $220.00, 3 long put options available
DEBUG:   Strike tolerance range: $209.00 to $231.00 (5.0%)
DEBUG:   Found 0 matching long options within strike tolerance
DEBUG:   No matches. Available strikes for GOOG: [np.float64(185.0), np.float64(190.0), np.float64(195.0)]
DEBUG: Filtered long options by type 'call': 6 -> 3
DEBUG: Processing GOOG - short call strike: $342.50, 3 long call options available
DEBUG:   Strike tolerance range: $325.38 to $359.62 (5.0%)
DEBUG:   Found 0 matching long options within strike tolerance
DEBUG:   No matches. Available strikes for GOOG: [np.float64(185.0), np.float64(190.0), np.float64(195.0)]
DEBUG: Filtered long options by type 'call': 6 -> 3
DEBUG: Processing GOOG - short call strike: $292.50, 3 long call options available
DEBUG:   Strike tolerance range: $277.88 to $307.12 (5.0%)
DEBUG:   Found 0 matching long options within strike tolerance
DEBUG:   No matches. Available strikes for GOOG: [np.float64(185.0), np.float64(190.0), np.float64(195.0)]
DEBUG: Filtered long options by type 'call': 6 -> 3
DEBUG: Processing GOOG - short call strike: $292.50, 3 long call options available
DEBUG:   Strike tolerance range: $277.88 to $307.12 (5.0%)
DEBUG:   Found 0 matching long options within strike tolerance
DEBUG:   No matches. Available strikes for GOOG: [np.float64(185.0), np.float64(190.0), np.float64(195.0)]
DEBUG: Filtered long options by type 'put': 6 -> 3
DEBUG: Processing GOOG - short put strike: $210.00, 3 long put options available
DEBUG:   Strike tolerance range: $199.50 to $220.50 (5.0%)
DEBUG:   Found 0 matching long options within strike tolerance
DEBUG:   No matches. Available strikes for GOOG: [np.float64(185.0), np.float64(190.0), np.float64(195.0)]
DEBUG: Filtered long options by type 'put': 6 -> 3
DEBUG: Processing GOOG - short put strike: $210.00, 3 long put options available
DEBUG:   Strike tolerance range: $199.50 to $220.50 (5.0%)
DEBUG:   Found 0 matching long options within strike tolerance
DEBUG:   No matches. Available strikes for GOOG: [np.float64(185.0), np.float64(190.0), np.float64(195.0)]
DEBUG: Filtered long options by type 'put': 6 -> 3
DEBUG: Processing GOOG - short put strike: $270.00, 3 long put options available
DEBUG:   Strike tolerance range: $256.50 to $283.50 (5.0%)
DEBUG:   Found 0 matching long options within strike tolerance
DEBUG:   No matches. Available strikes for GOOG: [np.float64(185.0), np.float64(190.0), np.float64(195.0)]
DEBUG: Filtered long options by type 'put': 6 -> 3
DEBUG: Processing GOOG - short put strike: $235.00, 3 long put options available
DEBUG:   Strike tolerance range: $223.25 to $246.75 (5.0%)
DEBUG:   Found 0 matching long options within strike tolerance
DEBUG:   No matches. Available strikes for GOOG: [np.float64(185.0), np.float64(190.0), np.float64(195.0)]
DEBUG: Filtered long options by type 'put': 6 -> 3
DEBUG: Processing GOOG - short put strike: $280.00, 3 long put options available
DEBUG:   Strike tolerance range: $266.00 to $294.00 (5.0%)
DEBUG:   Found 0 matching long options within strike tolerance
DEBUG:   No matches. Available strikes for GOOG: [np.float64(185.0), np.float64(190.0), np.float64(195.0)]
DEBUG: Filtered long options by type 'put': 6 -> 3
DEBUG: Processing GOOG - short put strike: $230.00, 3 long put options available
DEBUG:   Strike tolerance range: $218.50 to $241.50 (5.0%)
DEBUG:   Found 0 matching long options within strike tolerance
DEBUG:   No matches. Available strikes for GOOG: [np.float64(185.0), np.float64(190.0), np.float64(195.0)]
DEBUG: Filtered long options by type 'call': 6 -> 3
DEBUG: Processing GOOG - short call strike: $345.00, 3 long call options available
DEBUG:   Strike tolerance range: $327.75 to $362.25 (5.0%)
DEBUG:   Found 0 matching long options within strike tolerance
DEBUG:   No matches. Available strikes for GOOG: [np.float64(185.0), np.float64(190.0), np.float64(195.0)]
DEBUG: Filtered long options by type 'call': 6 -> 3
DEBUG: Processing GOOG - short call strike: $330.00, 3 long call options available
DEBUG:   Strike tolerance range: $313.50 to $346.50 (5.0%)
DEBUG:   Found 0 matching long options within strike tolerance
DEBUG:   No matches. Available strikes for GOOG: [np.float64(185.0), np.float64(190.0), np.float64(195.0)]
DEBUG: Filtered long options by type 'call': 6 -> 3
DEBUG: Processing GOOG - short call strike: $287.50, 3 long call options available
DEBUG:   Strike tolerance range: $273.12 to $301.88 (5.0%)
DEBUG:   Found 0 matching long options within strike tolerance
DEBUG:   No matches. Available strikes for GOOG: [np.float64(185.0), np.float64(190.0), np.float64(195.0)]
DEBUG: Filtered long options by type 'call': 6 -> 3
DEBUG: Processing GOOG - short call strike: $320.00, 3 long call options available
DEBUG:   Strike tolerance range: $304.00 to $336.00 (5.0%)
DEBUG:   Found 0 matching long options within strike tolerance
DEBUG:   No matches. Available strikes for GOOG: [np.float64(185.0), np.float64(190.0), np.float64(195.0)]
DEBUG: Filtered long options by type 'call': 6 -> 3
DEBUG: Processing GOOG - short call strike: $325.00, 3 long call options available
DEBUG:   Strike tolerance range: $308.75 to $341.25 (5.0%)
DEBUG:   Found 0 matching long options within strike tolerance
DEBUG:   No matches. Available strikes for GOOG: [np.float64(185.0), np.float64(190.0), np.float64(195.0)]
DEBUG: Filtered long options by type 'call': 6 -> 3
DEBUG: Processing GOOG - short call strike: $295.00, 3 long call options available
DEBUG:   Strike tolerance range: $280.25 to $309.75 (5.0%)
DEBUG:   Found 0 matching long options within strike tolerance
DEBUG:   No matches. Available strikes for GOOG: [np.float64(185.0), np.float64(190.0), np.float64(195.0)]
DEBUG: Filtered long options by type 'call': 6 -> 3
DEBUG: Processing GOOG - short call strike: $340.00, 3 long call options available
DEBUG:   Strike tolerance range: $323.00 to $357.00 (5.0%)
DEBUG:   Found 0 matching long options within strike tolerance
DEBUG:   No matches. Available strikes for GOOG: [np.float64(185.0), np.float64(190.0), np.float64(195.0)]
DEBUG: Filtered long options by type 'put': 6 -> 3
DEBUG: Processing GOOG - short put strike: $242.50, 3 long put options available
DEBUG:   Strike tolerance range: $230.38 to $254.62 (5.0%)
DEBUG:   Found 0 matching long options within strike tolerance
DEBUG:   No matches. Available strikes for GOOG: [np.float64(185.0), np.float64(190.0), np.float64(195.0)]
DEBUG: Filtered long options by type 'put': 6 -> 3
DEBUG: Processing GOOG - short put strike: $200.00, 3 long put options available
DEBUG:   Strike tolerance range: $190.00 to $210.00 (5.0%)
DEBUG:   Found 2 matching long options within strike tolerance
DEBUG: Filtered long options by type 'put': 6 -> 3
DEBUG: Processing GOOG - short put strike: $195.00, 3 long put options available
DEBUG:   Strike tolerance range: $185.25 to $204.75 (5.0%)
DEBUG:   Found 2 matching long options within strike tolerance
DEBUG: Filtered long options by type 'call': 6 -> 3
DEBUG: Processing GOOG - short call strike: $340.00, 3 long call options available
DEBUG:   Strike tolerance range: $323.00 to $357.00 (5.0%)
DEBUG:   Found 0 matching long options within strike tolerance
DEBUG:   No matches. Available strikes for GOOG: [np.float64(185.0), np.float64(190.0), np.float64(195.0)]
DEBUG: Filtered long options by type 'call': 6 -> 3
DEBUG: Processing GOOG - short call strike: $302.50, 3 long call options available
DEBUG:   Strike tolerance range: $287.38 to $317.62 (5.0%)
DEBUG:   Found 0 matching long options within strike tolerance
DEBUG:   No matches. Available strikes for GOOG: [np.float64(185.0), np.float64(190.0), np.float64(195.0)]
DEBUG: Filtered long options by type 'call': 6 -> 3
DEBUG: Processing GOOG - short call strike: $287.50, 3 long call options available
DEBUG:   Strike tolerance range: $273.12 to $301.88 (5.0%)
DEBUG:   Found 0 matching long options within strike tolerance
DEBUG:   No matches. Available strikes for GOOG: [np.float64(185.0), np.float64(190.0), np.float64(195.0)]
DEBUG: Filtered long options by type 'call': 6 -> 3
DEBUG: Processing GOOG - short call strike: $287.50, 3 long call options available
DEBUG:   Strike tolerance range: $273.12 to $301.88 (5.0%)
DEBUG:   Found 0 matching long options within strike tolerance
DEBUG:   No matches. Available strikes for GOOG: [np.float64(185.0), np.float64(190.0), np.float64(195.0)]
DEBUG: Filtered long options by type 'call': 6 -> 3
DEBUG: Processing GOOG - short call strike: $330.00, 3 long call options available
DEBUG:   Strike tolerance range: $313.50 to $346.50 (5.0%)
DEBUG:   Found 0 matching long options within strike tolerance
DEBUG:   No matches. Available strikes for GOOG: [np.float64(185.0), np.float64(190.0), np.float64(195.0)]
DEBUG: Filtered long options by type 'call': 6 -> 3
DEBUG: Processing GOOG - short call strike: $325.00, 3 long call options available
DEBUG:   Strike tolerance range: $308.75 to $341.25 (5.0%)
DEBUG:   Found 0 matching long options within strike tolerance
DEBUG:   No matches. Available strikes for GOOG: [np.float64(185.0), np.float64(190.0), np.float64(195.0)]
DEBUG: Filtered long options by type 'call': 6 -> 3
DEBUG: Processing GOOG - short call strike: $310.00, 3 long call options available
DEBUG:   Strike tolerance range: $294.50 to $325.50 (5.0%)
DEBUG:   Found 0 matching long options within strike tolerance
DEBUG:   No matches. Available strikes for GOOG: [np.float64(185.0), np.float64(190.0), np.float64(195.0)]
DEBUG: Filtered long options by type 'call': 6 -> 3
DEBUG: Processing GOOG - short call strike: $345.00, 3 long call options available
DEBUG:   Strike tolerance range: $327.75 to $362.25 (5.0%)
DEBUG:   Found 0 matching long options within strike tolerance
DEBUG:   No matches. Available strikes for GOOG: [np.float64(185.0), np.float64(190.0), np.float64(195.0)]
DEBUG: Filtered long options by type 'put': 6 -> 3
DEBUG: Processing GOOG - short put strike: $200.00, 3 long put options available
DEBUG:   Strike tolerance range: $190.00 to $210.00 (5.0%)
DEBUG:   Found 2 matching long options within strike tolerance
DEBUG: Filtered long options by type 'put': 6 -> 3
DEBUG: Processing GOOG - short put strike: $247.50, 3 long put options available
DEBUG:   Strike tolerance range: $235.12 to $259.88 (5.0%)
DEBUG:   Found 0 matching long options within strike tolerance
DEBUG:   No matches. Available strikes for GOOG: [np.float64(185.0), np.float64(190.0), np.float64(195.0)]
DEBUG: Filtered long options by type 'put': 6 -> 3
DEBUG: Processing GOOG - short put strike: $265.00, 3 long put options available
DEBUG:   Strike tolerance range: $251.75 to $278.25 (5.0%)
DEBUG:   Found 0 matching long options within strike tolerance
DEBUG:   No matches. Available strikes for GOOG: [np.float64(185.0), np.float64(190.0), np.float64(195.0)]
DEBUG: Filtered long options by type 'call': 6 -> 3
DEBUG: Processing GOOG - short call strike: $302.50, 3 long call options available
DEBUG:   Strike tolerance range: $287.38 to $317.62 (5.0%)
DEBUG:   Found 0 matching long options within strike tolerance
DEBUG:   No matches. Available strikes for GOOG: [np.float64(185.0), np.float64(190.0), np.float64(195.0)]
DEBUG: Filtered long options by type 'put': 6 -> 3
DEBUG: Processing GOOG - short put strike: $255.00, 3 long put options available
DEBUG:   Strike tolerance range: $242.25 to $267.75 (5.0%)
DEBUG:   Found 0 matching long options within strike tolerance
DEBUG:   No matches. Available strikes for GOOG: [np.float64(185.0), np.float64(190.0), np.float64(195.0)]
DEBUG: Filtered long options by type 'call': 6 -> 3
DEBUG: Processing GOOG - short call strike: $330.00, 3 long call options available
DEBUG:   Strike tolerance range: $313.50 to $346.50 (5.0%)
DEBUG:   Found 0 matching long options within strike tolerance
DEBUG:   No matches. Available strikes for GOOG: [np.float64(185.0), np.float64(190.0), np.float64(195.0)]
DEBUG: Filtered long options by type 'put': 6 -> 3
DEBUG: Processing GOOG - short put strike: $272.50, 3 long put options available
DEBUG:   Strike tolerance range: $258.88 to $286.12 (5.0%)
DEBUG:   Found 0 matching long options within strike tolerance
DEBUG:   No matches. Available strikes for GOOG: [np.float64(185.0), np.float64(190.0), np.float64(195.0)]
DEBUG: Filtered long options by type 'call': 6 -> 3
DEBUG: Processing GOOG - short call strike: $315.00, 3 long call options available
DEBUG:   Strike tolerance range: $299.25 to $330.75 (5.0%)
DEBUG:   Found 0 matching long options within strike tolerance
DEBUG:   No matches. Available strikes for GOOG: [np.float64(185.0), np.float64(190.0), np.float64(195.0)]
DEBUG: Filtered long options by type 'put': 6 -> 3
DEBUG: Processing GOOG - short put strike: $240.00, 3 long put options available
DEBUG:   Strike tolerance range: $228.00 to $252.00 (5.0%)
DEBUG:   Found 0 matching long options within strike tolerance
DEBUG:   No matches. Available strikes for GOOG: [np.float64(185.0), np.float64(190.0), np.float64(195.0)]
DEBUG: Filtered long options by type 'put': 6 -> 3
DEBUG: Processing GOOG - short put strike: $185.00, 3 long put options available
DEBUG:   Strike tolerance range: $175.75 to $194.25 (5.0%)
DEBUG:   Found 2 matching long options within strike tolerance
DEBUG: Filtered long options by type 'call': 6 -> 3
DEBUG: Processing GOOG - short call strike: $342.50, 3 long call options available
DEBUG:   Strike tolerance range: $325.38 to $359.62 (5.0%)
DEBUG:   Found 0 matching long options within strike tolerance
DEBUG:   No matches. Available strikes for GOOG: [np.float64(185.0), np.float64(190.0), np.float64(195.0)]
DEBUG: Filtered long options by type 'call': 6 -> 3
DEBUG: Processing GOOG - short call strike: $300.00, 3 long call options available
DEBUG:   Strike tolerance range: $285.00 to $315.00 (5.0%)
DEBUG:   Found 0 matching long options within strike tolerance
DEBUG:   No matches. Available strikes for GOOG: [np.float64(185.0), np.float64(190.0), np.float64(195.0)]
DEBUG: Filtered long options by type 'put': 6 -> 3
DEBUG: Processing GOOG - short put strike: $200.00, 3 long put options available
DEBUG:   Strike tolerance range: $190.00 to $210.00 (5.0%)
DEBUG:   Found 2 matching long options within strike tolerance
DEBUG: Filtered long options by type 'call': 6 -> 3
DEBUG: Processing GOOG - short call strike: $317.50, 3 long call options available
DEBUG:   Strike tolerance range: $301.62 to $333.38 (5.0%)
DEBUG:   Found 0 matching long options within strike tolerance
DEBUG:   No matches. Available strikes for GOOG: [np.float64(185.0), np.float64(190.0), np.float64(195.0)]
DEBUG: Filtered long options by type 'put': 6 -> 3
DEBUG: Processing GOOG - short put strike: $237.50, 3 long put options available
DEBUG:   Strike tolerance range: $225.62 to $249.38 (5.0%)
DEBUG:   Found 0 matching long options within strike tolerance
DEBUG:   No matches. Available strikes for GOOG: [np.float64(185.0), np.float64(190.0), np.float64(195.0)]
DEBUG: Filtered long options by type 'put': 6 -> 3
DEBUG: Processing GOOG - short put strike: $255.00, 3 long put options available
DEBUG:   Strike tolerance range: $242.25 to $267.75 (5.0%)
DEBUG:   Found 0 matching long options within strike tolerance
DEBUG:   No matches. Available strikes for GOOG: [np.float64(185.0), np.float64(190.0), np.float64(195.0)]
DEBUG: Filtered long options by type 'call': 6 -> 3
DEBUG: Processing GOOG - short call strike: $355.00, 3 long call options available
DEBUG:   Strike tolerance range: $337.25 to $372.75 (5.0%)
DEBUG:   Found 0 matching long options within strike tolerance
DEBUG:   No matches. Available strikes for GOOG: [np.float64(185.0), np.float64(190.0), np.float64(195.0)]
DEBUG: Filtered long options by type 'call': 6 -> 3
DEBUG: Processing GOOG - short call strike: $322.50, 3 long call options available
DEBUG:   Strike tolerance range: $306.38 to $338.62 (5.0%)
DEBUG:   Found 0 matching long options within strike tolerance
DEBUG:   No matches. Available strikes for GOOG: [np.float64(185.0), np.float64(190.0), np.float64(195.0)]
DEBUG: Filtered long options by type 'put': 6 -> 3
DEBUG: Processing GOOG - short put strike: $250.00, 3 long put options available
DEBUG:   Strike tolerance range: $237.50 to $262.50 (5.0%)
DEBUG:   Found 0 matching long options within strike tolerance
DEBUG:   No matches. Available strikes for GOOG: [np.float64(185.0), np.float64(190.0), np.float64(195.0)]
DEBUG: Filtered long options by type 'put': 6 -> 3
DEBUG: Processing GOOG - short put strike: $235.00, 3 long put options available
DEBUG:   Strike tolerance range: $223.25 to $246.75 (5.0%)
DEBUG:   Found 0 matching long options within strike tolerance
DEBUG:   No matches. Available strikes for GOOG: [np.float64(185.0), np.float64(190.0), np.float64(195.0)]
DEBUG: Filtered long options by type 'put': 6 -> 3
DEBUG: Processing GOOG - short put strike: $265.00, 3 long put options available
DEBUG:   Strike tolerance range: $251.75 to $278.25 (5.0%)
DEBUG:   Found 0 matching long options within strike tolerance
DEBUG:   No matches. Available strikes for GOOG: [np.float64(185.0), np.float64(190.0), np.float64(195.0)]
DEBUG: Filtered long options by type 'call': 6 -> 3
DEBUG: Processing GOOG - short call strike: $320.00, 3 long call options available
DEBUG:   Strike tolerance range: $304.00 to $336.00 (5.0%)
DEBUG:   Found 0 matching long options within strike tolerance
DEBUG:   No matches. Available strikes for GOOG: [np.float64(185.0), np.float64(190.0), np.float64(195.0)]
DEBUG: Filtered long options by type 'put': 6 -> 3
DEBUG: Processing GOOG - short put strike: $267.50, 3 long put options available
DEBUG:   Strike tolerance range: $254.12 to $280.88 (5.0%)
DEBUG:   Found 0 matching long options within strike tolerance
DEBUG:   No matches. Available strikes for GOOG: [np.float64(185.0), np.float64(190.0), np.float64(195.0)]
DEBUG: Filtered long options by type 'put': 6 -> 3
DEBUG: Processing GOOG - short put strike: $220.00, 3 long put options available
DEBUG:   Strike tolerance range: $209.00 to $231.00 (5.0%)
DEBUG:   Found 0 matching long options within strike tolerance
DEBUG:   No matches. Available strikes for GOOG: [np.float64(185.0), np.float64(190.0), np.float64(195.0)]
DEBUG: Filtered long options by type 'call': 6 -> 3
DEBUG: Processing GOOG - short call strike: $350.00, 3 long call options available
DEBUG:   Strike tolerance range: $332.50 to $367.50 (5.0%)
DEBUG:   Found 0 matching long options within strike tolerance
DEBUG:   No matches. Available strikes for GOOG: [np.float64(185.0), np.float64(190.0), np.float64(195.0)]
DEBUG: Filtered long options by type 'put': 6 -> 3
DEBUG: Processing GOOG - short put strike: $225.00, 3 long put options available
DEBUG:   Strike tolerance range: $213.75 to $236.25 (5.0%)
DEBUG:   Found 0 matching long options within strike tolerance
DEBUG:   No matches. Available strikes for GOOG: [np.float64(185.0), np.float64(190.0), np.float64(195.0)]
DEBUG: Filtered long options by type 'call': 6 -> 3
DEBUG: Processing GOOG - short call strike: $290.00, 3 long call options available
DEBUG:   Strike tolerance range: $275.50 to $304.50 (5.0%)
DEBUG:   Found 0 matching long options within strike tolerance
DEBUG:   No matches. Available strikes for GOOG: [np.float64(185.0), np.float64(190.0), np.float64(195.0)]
DEBUG: Filtered long options by type 'put': 6 -> 3
DEBUG: Processing GOOG - short put strike: $262.50, 3 long put options available
DEBUG:   Strike tolerance range: $249.38 to $275.62 (5.0%)
DEBUG:   Found 0 matching long options within strike tolerance
DEBUG:   No matches. Available strikes for GOOG: [np.float64(185.0), np.float64(190.0), np.float64(195.0)]
DEBUG: Filtered long options by type 'put': 6 -> 3
DEBUG: Processing GOOG - short put strike: $245.00, 3 long put options available
DEBUG:   Strike tolerance range: $232.75 to $257.25 (5.0%)
DEBUG:   Found 0 matching long options within strike tolerance
DEBUG:   No matches. Available strikes for GOOG: [np.float64(185.0), np.float64(190.0), np.float64(195.0)]
DEBUG: Filtered long options by type 'call': 6 -> 3
DEBUG: Processing GOOG - short call strike: $340.00, 3 long call options available
DEBUG:   Strike tolerance range: $323.00 to $357.00 (5.0%)
DEBUG:   Found 0 matching long options within strike tolerance
DEBUG:   No matches. Available strikes for GOOG: [np.float64(185.0), np.float64(190.0), np.float64(195.0)]
DEBUG: Filtered long options by type 'put': 6 -> 3
DEBUG: Processing GOOG - short put strike: $285.00, 3 long put options available
DEBUG:   Strike tolerance range: $270.75 to $299.25 (5.0%)
DEBUG:   Found 0 matching long options within strike tolerance
DEBUG:   No matches. Available strikes for GOOG: [np.float64(185.0), np.float64(190.0), np.float64(195.0)]
DEBUG: Filtered long options by type 'put': 6 -> 3
DEBUG: Processing GOOG - short put strike: $240.00, 3 long put options available
DEBUG:   Strike tolerance range: $228.00 to $252.00 (5.0%)
DEBUG:   Found 0 matching long options within strike tolerance
DEBUG:   No matches. Available strikes for GOOG: [np.float64(185.0), np.float64(190.0), np.float64(195.0)]
DEBUG: Filtered long options by type 'call': 6 -> 3
DEBUG: Processing GOOG - short call strike: $315.00, 3 long call options available
DEBUG:   Strike tolerance range: $299.25 to $330.75 (5.0%)
DEBUG:   Found 0 matching long options within strike tolerance
DEBUG:   No matches. Available strikes for GOOG: [np.float64(185.0), np.float64(190.0), np.float64(195.0)]
DEBUG: Filtered long options by type 'call': 6 -> 3
DEBUG: Processing GOOG - short call strike: $290.00, 3 long call options available
DEBUG:   Strike tolerance range: $275.50 to $304.50 (5.0%)
DEBUG:   Found 0 matching long options within strike tolerance
DEBUG:   No matches. Available strikes for GOOG: [np.float64(185.0), np.float64(190.0), np.float64(195.0)]
DEBUG: Filtered long options by type 'call': 6 -> 3
DEBUG: Processing GOOG - short call strike: $315.00, 3 long call options available
DEBUG:   Strike tolerance range: $299.25 to $330.75 (5.0%)
DEBUG:   Found 0 matching long options within strike tolerance
DEBUG:   No matches. Available strikes for GOOG: [np.float64(185.0), np.float64(190.0), np.float64(195.0)]
DEBUG: Filtered long options by type 'put': 6 -> 3
DEBUG: Processing GOOG - short put strike: $282.50, 3 long put options available
DEBUG:   Strike tolerance range: $268.38 to $296.62 (5.0%)
DEBUG:   Found 0 matching long options within strike tolerance
DEBUG:   No matches. Available strikes for GOOG: [np.float64(185.0), np.float64(190.0), np.float64(195.0)]
DEBUG: Filtered long options by type 'call': 6 -> 3
DEBUG: Processing GOOG - short call strike: $295.00, 3 long call options available
DEBUG:   Strike tolerance range: $280.25 to $309.75 (5.0%)
DEBUG:   Found 0 matching long options within strike tolerance
DEBUG:   No matches. Available strikes for GOOG: [np.float64(185.0), np.float64(190.0), np.float64(195.0)]
DEBUG: Filtered long options by type 'put': 6 -> 3
DEBUG: Processing GOOG - short put strike: $267.50, 3 long put options available
DEBUG:   Strike tolerance range: $254.12 to $280.88 (5.0%)
DEBUG:   Found 0 matching long options within strike tolerance
DEBUG:   No matches. Available strikes for GOOG: [np.float64(185.0), np.float64(190.0), np.float64(195.0)]
DEBUG: Filtered long options by type 'put': 6 -> 3
DEBUG: Processing GOOG - short put strike: $277.50, 3 long put options available
DEBUG:   Strike tolerance range: $263.62 to $291.38 (5.0%)
DEBUG:   Found 0 matching long options within strike tolerance
DEBUG:   No matches. Available strikes for GOOG: [np.float64(185.0), np.float64(190.0), np.float64(195.0)]
DEBUG: Filtered long options by type 'put': 6 -> 3
DEBUG: Processing GOOG - short put strike: $260.00, 3 long put options available
DEBUG:   Strike tolerance range: $247.00 to $273.00 (5.0%)
DEBUG:   Found 0 matching long options within strike tolerance
DEBUG:   No matches. Available strikes for GOOG: [np.float64(185.0), np.float64(190.0), np.float64(195.0)]
DEBUG: Filtered long options by type 'call': 6 -> 3
DEBUG: Processing GOOG - short call strike: $347.50, 3 long call options available
DEBUG:   Strike tolerance range: $330.12 to $364.88 (5.0%)
DEBUG:   Found 0 matching long options within strike tolerance
DEBUG:   No matches. Available strikes for GOOG: [np.float64(185.0), np.float64(190.0), np.float64(195.0)]
DEBUG: Filtered long options by type 'put': 6 -> 3
DEBUG: Processing GOOG - short put strike: $282.50, 3 long put options available
DEBUG:   Strike tolerance range: $268.38 to $296.62 (5.0%)
DEBUG:   Found 0 matching long options within strike tolerance
DEBUG:   No matches. Available strikes for GOOG: [np.float64(185.0), np.float64(190.0), np.float64(195.0)]
DEBUG: Filtered long options by type 'call': 6 -> 3
DEBUG: Processing GOOG - short call strike: $370.00, 3 long call options available
DEBUG:   Strike tolerance range: $351.50 to $388.50 (5.0%)
DEBUG:   Found 0 matching long options within strike tolerance
DEBUG:   No matches. Available strikes for GOOG: [np.float64(185.0), np.float64(190.0), np.float64(195.0)]
DEBUG: Filtered long options by type 'put': 6 -> 3
DEBUG: Processing GOOG - short put strike: $285.00, 3 long put options available
DEBUG:   Strike tolerance range: $270.75 to $299.25 (5.0%)
DEBUG:   Found 0 matching long options within strike tolerance
DEBUG:   No matches. Available strikes for GOOG: [np.float64(185.0), np.float64(190.0), np.float64(195.0)]
DEBUG: Filtered long options by type 'put': 6 -> 3
DEBUG: Processing GOOG - short put strike: $195.00, 3 long put options available
DEBUG:   Strike tolerance range: $185.25 to $204.75 (5.0%)
DEBUG:   Found 2 matching long options within strike tolerance
DEBUG: Filtered long options by type 'call': 6 -> 3
DEBUG: Processing GOOG - short call strike: $317.50, 3 long call options available
DEBUG:   Strike tolerance range: $301.62 to $333.38 (5.0%)
DEBUG:   Found 0 matching long options within strike tolerance
DEBUG:   No matches. Available strikes for GOOG: [np.float64(185.0), np.float64(190.0), np.float64(195.0)]
DEBUG: Filtered long options by type 'put': 6 -> 3
DEBUG: Processing GOOG - short put strike: $230.00, 3 long put options available
DEBUG:   Strike tolerance range: $218.50 to $241.50 (5.0%)
DEBUG:   Found 0 matching long options within strike tolerance
DEBUG:   No matches. Available strikes for GOOG: [np.float64(185.0), np.float64(190.0), np.float64(195.0)]
DEBUG: Filtered long options by type 'put': 6 -> 3
DEBUG: Processing GOOG - short put strike: $215.00, 3 long put options available
DEBUG:   Strike tolerance range: $204.25 to $225.75 (5.0%)
DEBUG:   Found 0 matching long options within strike tolerance
DEBUG:   No matches. Available strikes for GOOG: [np.float64(185.0), np.float64(190.0), np.float64(195.0)]
DEBUG: Filtered long options by type 'put': 6 -> 3
DEBUG: Processing GOOG - short put strike: $215.00, 3 long put options available
DEBUG:   Strike tolerance range: $204.25 to $225.75 (5.0%)
DEBUG:   Found 0 matching long options within strike tolerance
DEBUG:   No matches. Available strikes for GOOG: [np.float64(185.0), np.float64(190.0), np.float64(195.0)]
DEBUG: Filtered long options by type 'put': 6 -> 3
DEBUG: Processing GOOG - short put strike: $272.50, 3 long put options available
DEBUG:   Strike tolerance range: $258.88 to $286.12 (5.0%)
DEBUG:   Found 0 matching long options within strike tolerance
DEBUG:   No matches. Available strikes for GOOG: [np.float64(185.0), np.float64(190.0), np.float64(195.0)]
DEBUG: Filtered long options by type 'put': 6 -> 3
DEBUG: Processing GOOG - short put strike: $245.00, 3 long put options available
DEBUG:   Strike tolerance range: $232.75 to $257.25 (5.0%)
DEBUG:   Found 0 matching long options within strike tolerance
DEBUG:   No matches. Available strikes for GOOG: [np.float64(185.0), np.float64(190.0), np.float64(195.0)]
DEBUG: Filtered long options by type 'put': 6 -> 3
DEBUG: Processing GOOG - short put strike: $210.00, 3 long put options available
DEBUG:   Strike tolerance range: $199.50 to $220.50 (5.0%)
DEBUG:   Found 0 matching long options within strike tolerance
DEBUG:   No matches. Available strikes for GOOG: [np.float64(185.0), np.float64(190.0), np.float64(195.0)]
DEBUG: Filtered long options by type 'put': 6 -> 3
DEBUG: Processing GOOG - short put strike: $250.00, 3 long put options available
DEBUG:   Strike tolerance range: $237.50 to $262.50 (5.0%)
DEBUG:   Found 0 matching long options within strike tolerance
DEBUG:   No matches. Available strikes for GOOG: [np.float64(185.0), np.float64(190.0), np.float64(195.0)]
DEBUG: Filtered long options by type 'put': 6 -> 3
DEBUG: Processing GOOG - short put strike: $245.00, 3 long put options available
DEBUG:   Strike tolerance range: $232.75 to $257.25 (5.0%)
DEBUG:   Found 0 matching long options within strike tolerance
DEBUG:   No matches. Available strikes for GOOG: [np.float64(185.0), np.float64(190.0), np.float64(195.0)]
DEBUG: Filtered long options by type 'put': 6 -> 3
DEBUG: Processing GOOG - short put strike: $260.00, 3 long put options available
DEBUG:   Strike tolerance range: $247.00 to $273.00 (5.0%)
DEBUG:   Found 0 matching long options within strike tolerance
DEBUG:   No matches. Available strikes for GOOG: [np.float64(185.0), np.float64(190.0), np.float64(195.0)]
DEBUG: Filtered long options by type 'call': 6 -> 3
DEBUG: Processing GOOG - short call strike: $355.00, 3 long call options available
DEBUG:   Strike tolerance range: $337.25 to $372.75 (5.0%)
DEBUG:   Found 0 matching long options within strike tolerance
DEBUG:   No matches. Available strikes for GOOG: [np.float64(185.0), np.float64(190.0), np.float64(195.0)]
DEBUG: Filtered long options by type 'put': 6 -> 3
DEBUG: Processing GOOG - short put strike: $270.00, 3 long put options available
DEBUG:   Strike tolerance range: $256.50 to $283.50 (5.0%)
DEBUG:   Found 0 matching long options within strike tolerance
DEBUG:   No matches. Available strikes for GOOG: [np.float64(185.0), np.float64(190.0), np.float64(195.0)]
DEBUG: Filtered long options by type 'put': 6 -> 3
DEBUG: Processing GOOG - short put strike: $230.00, 3 long put options available
DEBUG:   Strike tolerance range: $218.50 to $241.50 (5.0%)
DEBUG:   Found 0 matching long options within strike tolerance
DEBUG:   No matches. Available strikes for GOOG: [np.float64(185.0), np.float64(190.0), np.float64(195.0)]
DEBUG: Filtered long options by type 'call': 6 -> 3
DEBUG: Processing GOOG - short call strike: $335.00, 3 long call options available
DEBUG:   Strike tolerance range: $318.25 to $351.75 (5.0%)
DEBUG:   Found 0 matching long options within strike tolerance
DEBUG:   No matches. Available strikes for GOOG: [np.float64(185.0), np.float64(190.0), np.float64(195.0)]
DEBUG: Filtered long options by type 'put': 6 -> 3
DEBUG: Processing GOOG - short put strike: $275.00, 3 long put options available
DEBUG:   Strike tolerance range: $261.25 to $288.75 (5.0%)
DEBUG:   Found 0 matching long options within strike tolerance
DEBUG:   No matches. Available strikes for GOOG: [np.float64(185.0), np.float64(190.0), np.float64(195.0)]
DEBUG: Filtered long options by type 'call': 6 -> 3
DEBUG: Processing GOOG - short call strike: $297.50, 3 long call options available
DEBUG:   Strike tolerance range: $282.62 to $312.38 (5.0%)
DEBUG:   Found 0 matching long options within strike tolerance
DEBUG:   No matches. Available strikes for GOOG: [np.float64(185.0), np.float64(190.0), np.float64(195.0)]
DEBUG: Filtered long options by type 'call': 6 -> 3
DEBUG: Processing GOOG - short call strike: $365.00, 3 long call options available
DEBUG:   Strike tolerance range: $346.75 to $383.25 (5.0%)
DEBUG:   Found 0 matching long options within strike tolerance
DEBUG:   No matches. Available strikes for GOOG: [np.float64(185.0), np.float64(190.0), np.float64(195.0)]
DEBUG: Filtered long options by type 'call': 6 -> 3
DEBUG: Processing GOOG - short call strike: $360.00, 3 long call options available
DEBUG:   Strike tolerance range: $342.00 to $378.00 (5.0%)
DEBUG:   Found 0 matching long options within strike tolerance
DEBUG:   No matches. Available strikes for GOOG: [np.float64(185.0), np.float64(190.0), np.float64(195.0)]
DEBUG: Filtered long options by type 'put': 6 -> 3
DEBUG: Processing GOOG - short put strike: $252.50, 3 long put options available
DEBUG:   Strike tolerance range: $239.88 to $265.12 (5.0%)
DEBUG:   Found 0 matching long options within strike tolerance
DEBUG:   No matches. Available strikes for GOOG: [np.float64(185.0), np.float64(190.0), np.float64(195.0)]
DEBUG: Filtered long options by type 'put': 6 -> 3
DEBUG: Processing GOOG - short put strike: $215.00, 3 long put options available
DEBUG:   Strike tolerance range: $204.25 to $225.75 (5.0%)
DEBUG:   Found 0 matching long options within strike tolerance
DEBUG:   No matches. Available strikes for GOOG: [np.float64(185.0), np.float64(190.0), np.float64(195.0)]
DEBUG: Filtered long options by type 'call': 6 -> 3
DEBUG: Processing GOOG - short call strike: $292.50, 3 long call options available
DEBUG:   Strike tolerance range: $277.88 to $307.12 (5.0%)
DEBUG:   Found 0 matching long options within strike tolerance
DEBUG:   No matches. Available strikes for GOOG: [np.float64(185.0), np.float64(190.0), np.float64(195.0)]
DEBUG: Filtered long options by type 'put': 6 -> 3
DEBUG: Processing GOOG - short put strike: $185.00, 3 long put options available
DEBUG:   Strike tolerance range: $175.75 to $194.25 (5.0%)
DEBUG:   Found 2 matching long options within strike tolerance
DEBUG: Filtered long options by type 'put': 6 -> 3
DEBUG: Processing GOOG - short put strike: $237.50, 3 long put options available
DEBUG:   Strike tolerance range: $225.62 to $249.38 (5.0%)
DEBUG:   Found 0 matching long options within strike tolerance
DEBUG:   No matches. Available strikes for GOOG: [np.float64(185.0), np.float64(190.0), np.float64(195.0)]
DEBUG: Filtered long options by type 'call': 6 -> 3
DEBUG: Processing GOOG - short call strike: $300.00, 3 long call options available
DEBUG:   Strike tolerance range: $285.00 to $315.00 (5.0%)
DEBUG:   Found 0 matching long options within strike tolerance
DEBUG:   No matches. Available strikes for GOOG: [np.float64(185.0), np.float64(190.0), np.float64(195.0)]
DEBUG: Filtered long options by type 'put': 6 -> 3
DEBUG: Processing GOOG - short put strike: $257.50, 3 long put options available
DEBUG:   Strike tolerance range: $244.62 to $270.38 (5.0%)
DEBUG:   Found 0 matching long options within strike tolerance
DEBUG:   No matches. Available strikes for GOOG: [np.float64(185.0), np.float64(190.0), np.float64(195.0)]
DEBUG: Filtered long options by type 'put': 6 -> 3
DEBUG: Processing GOOG - short put strike: $260.00, 3 long put options available
DEBUG:   Strike tolerance range: $247.00 to $273.00 (5.0%)
DEBUG:   Found 0 matching long options within strike tolerance
DEBUG:   No matches. Available strikes for GOOG: [np.float64(185.0), np.float64(190.0), np.float64(195.0)]
DEBUG: Filtered long options by type 'call': 6 -> 3
DEBUG: Processing GOOG - short call strike: $305.00, 3 long call options available
DEBUG:   Strike tolerance range: $289.75 to $320.25 (5.0%)
DEBUG:   Found 0 matching long options within strike tolerance
DEBUG:   No matches. Available strikes for GOOG: [np.float64(185.0), np.float64(190.0), np.float64(195.0)]
DEBUG: Filtered long options by type 'put': 6 -> 3
DEBUG: Processing GOOG - short put strike: $205.00, 3 long put options available
DEBUG:   Strike tolerance range: $194.75 to $215.25 (5.0%)
DEBUG:   Found 1 matching long options within strike tolerance
DEBUG: Filtered long options by type 'put': 6 -> 3
DEBUG: Processing GOOG - short put strike: $277.50, 3 long put options available
DEBUG:   Strike tolerance range: $263.62 to $291.38 (5.0%)
DEBUG:   Found 0 matching long options within strike tolerance
DEBUG:   No matches. Available strikes for GOOG: [np.float64(185.0), np.float64(190.0), np.float64(195.0)]
DEBUG: Filtered long options by type 'put': 6 -> 3
DEBUG: Processing GOOG - short put strike: $205.00, 3 long put options available
DEBUG:   Strike tolerance range: $194.75 to $215.25 (5.0%)
DEBUG:   Found 1 matching long options within strike tolerance
DEBUG: Filtered long options by type 'put': 6 -> 3
DEBUG: Processing GOOG - short put strike: $275.00, 3 long put options available
DEBUG:   Strike tolerance range: $261.25 to $288.75 (5.0%)
DEBUG:   Found 0 matching long options within strike tolerance
DEBUG:   No matches. Available strikes for GOOG: [np.float64(185.0), np.float64(190.0), np.float64(195.0)]
DEBUG: Filtered long options by type 'put': 6 -> 3
DEBUG: Processing GOOG - short put strike: $205.00, 3 long put options available
DEBUG:   Strike tolerance range: $194.75 to $215.25 (5.0%)
DEBUG:   Found 1 matching long options within strike tolerance
DEBUG: Filtered long options by type 'call': 6 -> 3
DEBUG: Processing GOOG - short call strike: $310.00, 3 long call options available
DEBUG:   Strike tolerance range: $294.50 to $325.50 (5.0%)
DEBUG:   Found 0 matching long options within strike tolerance
DEBUG:   No matches. Available strikes for GOOG: [np.float64(185.0), np.float64(190.0), np.float64(195.0)]
DEBUG: Filtered long options by type 'call': 6 -> 3
DEBUG: Processing GOOG - short call strike: $307.50, 3 long call options available
DEBUG:   Strike tolerance range: $292.12 to $322.88 (5.0%)
DEBUG:   Found 0 matching long options within strike tolerance
DEBUG:   No matches. Available strikes for GOOG: [np.float64(185.0), np.float64(190.0), np.float64(195.0)]
DEBUG: Filtered long options by type 'put': 6 -> 3
DEBUG: Processing GOOG - short put strike: $280.00, 3 long put options available
DEBUG:   Strike tolerance range: $266.00 to $294.00 (5.0%)
DEBUG:   Found 0 matching long options within strike tolerance
DEBUG:   No matches. Available strikes for GOOG: [np.float64(185.0), np.float64(190.0), np.float64(195.0)]
DEBUG: Filtered long options by type 'call': 6 -> 3
DEBUG: Processing GOOG - short call strike: $345.00, 3 long call options available
DEBUG:   Strike tolerance range: $327.75 to $362.25 (5.0%)
DEBUG:   Found 0 matching long options within strike tolerance
DEBUG:   No matches. Available strikes for GOOG: [np.float64(185.0), np.float64(190.0), np.float64(195.0)]
DEBUG: Filtered long options by type 'put': 6 -> 3
DEBUG: Processing GOOG - short put strike: $257.50, 3 long put options available
DEBUG:   Strike tolerance range: $244.62 to $270.38 (5.0%)
DEBUG:   Found 0 matching long options within strike tolerance
DEBUG:   No matches. Available strikes for GOOG: [np.float64(185.0), np.float64(190.0), np.float64(195.0)]
DEBUG: Filtered long options by type 'put': 6 -> 3
DEBUG: Processing GOOG - short put strike: $262.50, 3 long put options available
DEBUG:   Strike tolerance range: $249.38 to $275.62 (5.0%)
DEBUG:   Found 0 matching long options within strike tolerance
DEBUG:   No matches. Available strikes for GOOG: [np.float64(185.0), np.float64(190.0), np.float64(195.0)]
DEBUG: Filtered long options by type 'call': 6 -> 3
DEBUG: Processing GOOG - short call strike: $307.50, 3 long call options available
DEBUG:   Strike tolerance range: $292.12 to $322.88 (5.0%)
DEBUG:   Found 0 matching long options within strike tolerance
DEBUG:   No matches. Available strikes for GOOG: [np.float64(185.0), np.float64(190.0), np.float64(195.0)]
DEBUG: Filtered long options by type 'call': 6 -> 3
DEBUG: Processing GOOG - short call strike: $337.50, 3 long call options available
DEBUG:   Strike tolerance range: $320.62 to $354.38 (5.0%)
DEBUG:   Found 0 matching long options within strike tolerance
DEBUG:   No matches. Available strikes for GOOG: [np.float64(185.0), np.float64(190.0), np.float64(195.0)]
DEBUG: Filtered long options by type 'call': 6 -> 3
DEBUG: Processing GOOG - short call strike: $337.50, 3 long call options available
DEBUG:   Strike tolerance range: $320.62 to $354.38 (5.0%)
DEBUG:   Found 0 matching long options within strike tolerance
DEBUG:   No matches. Available strikes for GOOG: [np.float64(185.0), np.float64(190.0), np.float64(195.0)]
DEBUG: Filtered long options by type 'put': 6 -> 3
DEBUG: Processing GOOG - short put strike: $232.50, 3 long put options available
DEBUG:   Strike tolerance range: $220.88 to $244.12 (5.0%)
DEBUG:   Found 0 matching long options within strike tolerance
DEBUG:   No matches. Available strikes for GOOG: [np.float64(185.0), np.float64(190.0), np.float64(195.0)]
DEBUG: Filtered long options by type 'call': 6 -> 3
DEBUG: Processing GOOG - short call strike: $305.00, 3 long call options available
DEBUG:   Strike tolerance range: $289.75 to $320.25 (5.0%)
DEBUG:   Found 0 matching long options within strike tolerance
DEBUG:   No matches. Available strikes for GOOG: [np.float64(185.0), np.float64(190.0), np.float64(195.0)]
DEBUG: Filtered long options by type 'call': 6 -> 3
DEBUG: Processing GOOG - short call strike: $312.50, 3 long call options available
DEBUG:   Strike tolerance range: $296.88 to $328.12 (5.0%)
DEBUG:   Found 0 matching long options within strike tolerance
DEBUG:   No matches. Available strikes for GOOG: [np.float64(185.0), np.float64(190.0), np.float64(195.0)]
DEBUG: Filtered long options by type 'put': 6 -> 3
DEBUG: Processing GOOG - short put strike: $240.00, 3 long put options available
DEBUG:   Strike tolerance range: $228.00 to $252.00 (5.0%)
DEBUG:   Found 0 matching long options within strike tolerance
DEBUG:   No matches. Available strikes for GOOG: [np.float64(185.0), np.float64(190.0), np.float64(195.0)]
DEBUG: Filtered long options by type 'call': 6 -> 3
DEBUG: Processing GOOG - short call strike: $350.00, 3 long call options available
DEBUG:   Strike tolerance range: $332.50 to $367.50 (5.0%)
DEBUG:   Found 0 matching long options within strike tolerance
DEBUG:   No matches. Available strikes for GOOG: [np.float64(185.0), np.float64(190.0), np.float64(195.0)]
DEBUG: Filtered long options by type 'put': 6 -> 3
DEBUG: Processing GOOG - short put strike: $275.00, 3 long put options available
DEBUG:   Strike tolerance range: $261.25 to $288.75 (5.0%)
DEBUG:   Found 0 matching long options within strike tolerance
DEBUG:   No matches. Available strikes for GOOG: [np.float64(185.0), np.float64(190.0), np.float64(195.0)]
DEBUG: Filtered long options by type 'call': 6 -> 3
DEBUG: Processing GOOG - short call strike: $302.50, 3 long call options available
DEBUG:   Strike tolerance range: $287.38 to $317.62 (5.0%)
DEBUG:   Found 0 matching long options within strike tolerance
DEBUG:   No matches. Available strikes for GOOG: [np.float64(185.0), np.float64(190.0), np.float64(195.0)]
DEBUG: Filtered long options by type 'put': 6 -> 3
DEBUG: Processing GOOG - short put strike: $190.00, 3 long put options available
DEBUG:   Strike tolerance range: $180.50 to $199.50 (5.0%)
DEBUG:   Found 3 matching long options within strike tolerance
DEBUG: Filtered long options by type 'call': 6 -> 3
DEBUG: Processing GOOG - short call strike: $332.50, 3 long call options available
DEBUG:   Strike tolerance range: $315.88 to $349.12 (5.0%)
DEBUG:   Found 0 matching long options within strike tolerance
DEBUG:   No matches. Available strikes for GOOG: [np.float64(185.0), np.float64(190.0), np.float64(195.0)]
DEBUG: Filtered long options by type 'call': 6 -> 3
DEBUG: Processing GOOG - short call strike: $310.00, 3 long call options available
DEBUG:   Strike tolerance range: $294.50 to $325.50 (5.0%)
DEBUG:   Found 0 matching long options within strike tolerance
DEBUG:   No matches. Available strikes for GOOG: [np.float64(185.0), np.float64(190.0), np.float64(195.0)]
DEBUG: Filtered long options by type 'put': 6 -> 3
DEBUG: Processing GOOG - short put strike: $267.50, 3 long put options available
DEBUG:   Strike tolerance range: $254.12 to $280.88 (5.0%)
DEBUG:   Found 0 matching long options within strike tolerance
DEBUG:   No matches. Available strikes for GOOG: [np.float64(185.0), np.float64(190.0), np.float64(195.0)]
DEBUG: Filtered long options by type 'call': 6 -> 3
DEBUG: Processing GOOG - short call strike: $305.00, 3 long call options available
DEBUG:   Strike tolerance range: $289.75 to $320.25 (5.0%)
DEBUG:   Found 0 matching long options within strike tolerance
DEBUG:   No matches. Available strikes for GOOG: [np.float64(185.0), np.float64(190.0), np.float64(195.0)]
DEBUG: Filtered long options by type 'put': 6 -> 3
DEBUG: Processing GOOG - short put strike: $227.50, 3 long put options available
DEBUG:   Strike tolerance range: $216.12 to $238.88 (5.0%)
DEBUG:   Found 0 matching long options within strike tolerance
DEBUG:   No matches. Available strikes for GOOG: [np.float64(185.0), np.float64(190.0), np.float64(195.0)]
DEBUG: Filtered long options by type 'put': 6 -> 3
DEBUG: Processing GOOG - short put strike: $250.00, 3 long put options available
DEBUG:   Strike tolerance range: $237.50 to $262.50 (5.0%)
DEBUG:   Found 0 matching long options within strike tolerance
DEBUG [PID 74139]: GOOG - INCLUDED (spread): 14 spread matches found
DEBUG [PID 74139]: GOOG - Cache stats (spread): hits=445, misses=75, hit_rate=85.6%
DEBUG:   No matches. Available strikes for GOOG: [np.float64(185.0), np.float64(190.0), np.float64(195.0)]
DEBUG: Filtered long options by type 'put': 6 -> 3
DEBUG: Processing GOOG - short put strike: $280.00, 3 long put options available
DEBUG:   Strike tolerance range: $266.00 to $294.00 (5.0%)
DEBUG:   Found 0 matching long options within strike tolerance
DEBUG:   No matches. Available strikes for GOOG: [np.float64(185.0), np.float64(190.0), np.float64(195.0)]
DEBUG: Filtered long options by type 'call': 6 -> 3
DEBUG: Processing GOOG - short call strike: $332.50, 3 long call options available
DEBUG:   Strike tolerance range: $315.88 to $349.12 (5.0%)
DEBUG:   Found 0 matching long options within strike tolerance
DEBUG:   No matches. Available strikes for GOOG: [np.float64(185.0), np.float64(190.0), np.float64(195.0)]
DEBUG: Filtered long options by type 'put': 6 -> 3
DEBUG: Processing GOOG - short put strike: $185.00, 3 long put options available
DEBUG:   Strike tolerance range: $175.75 to $194.25 (5.0%)
DEBUG:   Found 2 matching long options within strike tolerance
DEBUG: Filtered long options by type 'put': 6 -> 3
DEBUG: Processing GOOG - short put strike: $282.50, 3 long put options available
DEBUG:   Strike tolerance range: $268.38 to $296.62 (5.0%)
DEBUG:   Found 0 matching long options within strike tolerance
DEBUG:   No matches. Available strikes for GOOG: [np.float64(185.0), np.float64(190.0), np.float64(195.0)]
DEBUG: Filtered long options by type 'put': 6 -> 3
DEBUG: Processing GOOG - short put strike: $247.50, 3 long put options available
DEBUG:   Strike tolerance range: $235.12 to $259.88 (5.0%)
DEBUG:   Found 0 matching long options within strike tolerance
DEBUG:   No matches. Available strikes for GOOG: [np.float64(185.0), np.float64(190.0), np.float64(195.0)]
DEBUG: Filtered long options by type 'put': 6 -> 3
DEBUG: Processing GOOG - short put strike: $252.50, 3 long put options available
DEBUG:   Strike tolerance range: $239.88 to $265.12 (5.0%)
DEBUG:   Found 0 matching long options within strike tolerance
DEBUG:   No matches. Available strikes for GOOG: [np.float64(185.0), np.float64(190.0), np.float64(195.0)]
DEBUG: Filtered long options by type 'put': 6 -> 3
DEBUG: Processing GOOG - short put strike: $277.50, 3 long put options available
DEBUG:   Strike tolerance range: $263.62 to $291.38 (5.0%)
DEBUG:   Found 0 matching long options within strike tolerance
DEBUG:   No matches. Available strikes for GOOG: [np.float64(185.0), np.float64(190.0), np.float64(195.0)]
DEBUG: Filtered long options by type 'put': 6 -> 3
DEBUG: Processing GOOG - short put strike: $235.00, 3 long put options available
DEBUG:   Strike tolerance range: $223.25 to $246.75 (5.0%)
DEBUG:   Found 0 matching long options within strike tolerance
DEBUG:   No matches. Available strikes for GOOG: [np.float64(185.0), np.float64(190.0), np.float64(195.0)]
DEBUG: Filtered long options by type 'put': 6 -> 3
DEBUG: Processing GOOG - short put strike: $225.00, 3 long put options available
DEBUG:   Strike tolerance range: $213.75 to $236.25 (5.0%)
DEBUG:   Found 0 matching long options within strike tolerance
DEBUG:   No matches. Available strikes for GOOG: [np.float64(185.0), np.float64(190.0), np.float64(195.0)]
DEBUG: Filtered long options by type 'call': 6 -> 3
DEBUG: Processing GOOG - short call strike: $295.00, 3 long call options available
DEBUG:   Strike tolerance range: $280.25 to $309.75 (5.0%)
DEBUG:   Found 0 matching long options within strike tolerance
DEBUG:   No matches. Available strikes for GOOG: [np.float64(185.0), np.float64(190.0), np.float64(195.0)]
DEBUG: Filtered long options by type 'call': 6 -> 3
DEBUG: Processing GOOG - short call strike: $325.00, 3 long call options available
DEBUG:   Strike tolerance range: $308.75 to $341.25 (5.0%)
DEBUG:   Found 0 matching long options within strike tolerance
DEBUG:   No matches. Available strikes for GOOG: [np.float64(185.0), np.float64(190.0), np.float64(195.0)]
DEBUG: Filtered long options by type 'call': 6 -> 3
DEBUG: Processing GOOG - short call strike: $290.00, 3 long call options available
DEBUG:   Strike tolerance range: $275.50 to $304.50 (5.0%)
DEBUG:   Found 0 matching long options within strike tolerance
DEBUG:   No matches. Available strikes for GOOG: [np.float64(185.0), np.float64(190.0), np.float64(195.0)]
DEBUG: Filtered long options by type 'call': 6 -> 3
DEBUG: Processing GOOG - short call strike: $327.50, 3 long call options available
DEBUG:   Strike tolerance range: $311.12 to $343.88 (5.0%)
DEBUG:   Found 0 matching long options within strike tolerance
DEBUG:   No matches. Available strikes for GOOG: [np.float64(185.0), np.float64(190.0), np.float64(195.0)]
DEBUG: Filtered long options by type 'put': 6 -> 3
DEBUG: Processing GOOG - short put strike: $195.00, 3 long put options available
DEBUG:   Strike tolerance range: $185.25 to $204.75 (5.0%)
DEBUG:   Found 2 matching long options within strike tolerance
DEBUG: Filtered long options by type 'put': 6 -> 3
DEBUG: Processing GOOG - short put strike: $225.00, 3 long put options available
DEBUG:   Strike tolerance range: $213.75 to $236.25 (5.0%)
DEBUG:   Found 0 matching long options within strike tolerance
DEBUG:   No matches. Available strikes for GOOG: [np.float64(185.0), np.float64(190.0), np.float64(195.0)]
DEBUG: Filtered long options by type 'call': 6 -> 3
DEBUG: Processing GOOG - short call strike: $370.00, 3 long call options available
DEBUG:   Strike tolerance range: $351.50 to $388.50 (5.0%)
DEBUG:   Found 0 matching long options within strike tolerance
DEBUG:   No matches. Available strikes for GOOG: [np.float64(185.0), np.float64(190.0), np.float64(195.0)]
DEBUG: Filtered long options by type 'put': 6 -> 3
DEBUG: Processing GOOG - short put strike: $255.00, 3 long put options available
DEBUG:   Strike tolerance range: $242.25 to $267.75 (5.0%)
DEBUG:   Found 0 matching long options within strike tolerance
DEBUG:   No matches. Available strikes for GOOG: [np.float64(185.0), np.float64(190.0), np.float64(195.0)]
DEBUG: Filtered long options by type 'put': 6 -> 3
DEBUG: Processing GOOG - short put strike: $262.50, 3 long put options available
DEBUG:   Strike tolerance range: $249.38 to $275.62 (5.0%)
DEBUG:   Found 0 matching long options within strike tolerance
DEBUG:   No matches. Available strikes for GOOG: [np.float64(185.0), np.float64(190.0), np.float64(195.0)]
DEBUG: Filtered long options by type 'call': 6 -> 3
DEBUG: Processing GOOG - short call strike: $365.00, 3 long call options available
DEBUG:   Strike tolerance range: $346.75 to $383.25 (5.0%)
DEBUG:   Found 0 matching long options within strike tolerance
DEBUG:   No matches. Available strikes for GOOG: [np.float64(185.0), np.float64(190.0), np.float64(195.0)]
DEBUG: Filtered long options by type 'call': 6 -> 3
DEBUG: Processing GOOG - short call strike: $322.50, 3 long call options available
DEBUG:   Strike tolerance range: $306.38 to $338.62 (5.0%)
DEBUG:   Found 0 matching long options within strike tolerance
DEBUG:   No matches. Available strikes for GOOG: [np.float64(185.0), np.float64(190.0), np.float64(195.0)]
DEBUG: Filtered long options by type 'put': 6 -> 3
DEBUG: Processing GOOG - short put strike: $270.00, 3 long put options available
DEBUG:   Strike tolerance range: $256.50 to $283.50 (5.0%)
DEBUG:   Found 0 matching long options within strike tolerance
DEBUG:   No matches. Available strikes for GOOG: [np.float64(185.0), np.float64(190.0), np.float64(195.0)]
DEBUG: Filtered long options by type 'call': 6 -> 3
DEBUG: Processing GOOG - short call strike: $335.00, 3 long call options available
DEBUG:   Strike tolerance range: $318.25 to $351.75 (5.0%)
DEBUG:   Found 0 matching long options within strike tolerance
DEBUG:   No matches. Available strikes for GOOG: [np.float64(185.0), np.float64(190.0), np.float64(195.0)]
DEBUG: Filtered long options by type 'call': 6 -> 3
DEBUG: Processing GOOG - short call strike: $297.50, 3 long call options available
DEBUG:   Strike tolerance range: $282.62 to $312.38 (5.0%)
DEBUG:   Found 0 matching long options within strike tolerance
DEBUG:   No matches. Available strikes for GOOG: [np.float64(185.0), np.float64(190.0), np.float64(195.0)]
Combined spread results from 1 tickers: 14 total spread opportunities
Background refresh: POLYGON_API_KEY not set. Skipping.

=== Cache Statistics ===
Cache Status: ENABLED
Total Requests: 1
Cache Hits: 1
Cache Misses: 0
Hit Rate: 100.00%
Negative Cache Hits: 0
Negative Cache Sets: 0
Cache Sets: 0
Cache Invalidations: 0
Cache Errors: 0
===================================

DEBUG: format_output called with 14 rows
After filter application: 14 rows (was 14)
DEBUG: After filter application: 14 rows (was 14)
Limiting to top 3 options per ticker-option_type combination (after sorting)
After top-n filter (3): 3 rows (was 14)
DEBUG: After top-n filter (3): 3 rows (was 14)
CSV results saved to /Users/akundu/Downloads/results.csv
ticker,option_type,pe_ratio,market_cap_b,curr_price,price_with_chan,price_change_pc,strike_price,price_above_curr,opt_prem.,bid:ask,iv,delta,theta,expiration_date,days_to_expiry,s_prem_tot,s_day_prem,l_strike,l_prem,l_bid:ask,liv,l_delta,l_theta,l_expiration_date,l_days_to_expiry,l_prem_tot,l_cnt_avl,prem_diff,net_premium,net_daily_premi,volume,num_contracts,option_ticker,l_option_ticker,latest_opt_ts
GOOG,put,25.49,2945.49,285.60,+$8.62 (+3.11%),3.11,190.00,-95.60,0.01,0.00:0.03,0.83,-0.00,-0.01,2025-11-28 00:00:00,10,862.00,86.20,190.00,1.16,1.11:1.20,0.50,-0.04,-0.03,2026-02-20 00:00:00+00:00,94,99992.00,,1.15,-24647.48,-2464.75,2.00,862,O:GOOG251128P00190000,O:GOOG260220P00190000,369.5
GOOG,put,25.49,2945.49,285.60,+$8.62 (+3.11%),3.11,200.00,-85.60,0.01,0.00:0.01,1.60,-0.01,-0.16,2025-11-21 00:00:00,3,729.00,243.00,195.00,1.37,1.32:1.42,0.49,-0.04,-0.03,2026-02-20 00:00:00+00:00,94,99873.00,,1.36,-5405.20,-1801.73,10.00,729,O:GOOG251121P00200000,O:GOOG260220P00195000,369.5
GOOG,put,25.49,2945.49,285.60,+$8.62 (+3.11%),3.11,195.00,-90.60,0.04,0.02:0.05,0.65,-0.00,-0.01,2025-12-05 00:00:00,17,2916.00,171.53,195.00,1.37,1.32:1.42,0.49,-0.04,-0.03,2026-02-20 00:00:00+00:00,94,99873.00,,1.33,-34193.13,-2011.36,50.00,729,O:GOOG251205P00195000,O:GOOG260220P00195000,369.5

