Database connection established successfully (cache: enabled).
Database log level set to INFO to reduce cache message verbosity (analyzer remains in DEBUG mode)
Analyzing 1 tickers...
DEBUG: Fetching financial info for 1 tickers
DEBUG: Fetched financial info for 1/1 tickers (100%) [cache: 1 hits, 0 misses, 100.0% hit rate]
Applied 1 filter(s) with AND logic:
  1. volume > 1
DEBUG: Using max_days=21: filtering options expiring through 2025-12-09
Long-term options expiring between 90 and 120 days
  Date range: 2026-02-16 to 2026-03-18
DEBUG: Calculated long-term date range: 2026-02-16 to 2026-03-18 (from today 2025-11-18)
Using multiprocessing mode for spread analysis: processing 1 tickers with 5 workers
Each ticker will be processed end-to-end in a separate process (short-term fetch/process, long-term fetch, matching, spread calculations)
Using 1 symbols provided via --symbols: GOOG
DEBUG [PID 69943]: Processing spread analysis for ticker GOOG
DEBUG [PID 69943]: GOOG - Fetching short-term options (date range: 2025-11-18 to 2025-12-09)
2025-11-18 00:17:31 [PID:69943] [questdb_db] [INFO] - [OPTIONS SERVICE] get() called for GOOG with min_write_timestamp=2025-11-14 17:52:38
2025-11-18 00:17:32 [PID:69943] [questdb_db] [INFO] - [CACHE FILTER] min_write_timestamp=2025-11-14 17:52:38 provided, checking 350 cached DataFrames for GOOG
2025-11-18 00:17:32 [PID:69943] [questdb_db] [INFO] - [CACHE FILTER] Discarded 332 cached options for GOOG due to missing write_timestamp (will refetch from DB)
2025-11-18 00:17:32 [PID:69943] [questdb_db] [INFO] - [CACHE FILTER] Filtered out 332 cached options with write_timestamp < 2025-11-14 17:52:38 for GOOG (kept 18)
2025-11-18 00:17:32 [PID:69943] [questdb_db] [INFO] - [DB QUERY] Querying DB for 332 options (cache misses after filtering by min_write_timestamp=2025-11-14 17:52:38) for GOOG
2025-11-18 00:17:32 [PID:69943] [questdb_db] [INFO] - [DB QUERY] Using write_timestamp filter (>= 2025-11-14 22:52:38 UTC) instead of timestamp lookback for GOOG
DEBUG [PID 69943]: GOOG - Fetched 350 short-term options from DB
DEBUG [PID 69943]: Error processing spread analysis for GOOG: '<=' not supported between instances of 'Timestamp' and 'float'
Traceback (most recent call last):
  File "/Volumes/RAID1 NVME SSD 2TB/akundu_programs_dev/programs/python/pythonv3/pub-py-scripts/stocks/common/options/options_workers.py", line 652, in _async_process
    min_ts = short_options_df['write_timestamp'].min()
  File "/Volumes/RAID1 NVME SSD 2TB/akundu_programs_dev/programs/python/pythonv3/pub-py-scripts/stocks/.venv/lib/python3.13/site-packages/pandas/core/series.py", line 6518, in min
    return NDFrame.min(self, axis, skipna, numeric_only, **kwargs)
           ~~~~~~~~~~~^^^^^^^^^^^^^^^^^^^^^^^^^^^^^^^^^^^^^^^^^^^^
  File "/Volumes/RAID1 NVME SSD 2TB/akundu_programs_dev/programs/python/pythonv3/pub-py-scripts/stocks/.venv/lib/python3.13/site-packages/pandas/core/generic.py", line 12407, in min
    return self._stat_function(
           ~~~~~~~~~~~~~~~~~~~^
        "min",
        ^^^^^^
    ...<4 lines>...
        **kwargs,
        ^^^^^^^^^
    )
    ^
  File "/Volumes/RAID1 NVME SSD 2TB/akundu_programs_dev/programs/python/pythonv3/pub-py-scripts/stocks/.venv/lib/python3.13/site-packages/pandas/core/generic.py", line 12396, in _stat_function
    return self._reduce(
           ~~~~~~~~~~~~^
        func, name=name, axis=axis, skipna=skipna, numeric_only=numeric_only
        ^^^^^^^^^^^^^^^^^^^^^^^^^^^^^^^^^^^^^^^^^^^^^^^^^^^^^^^^^^^^^^^^^^^^
    )
    ^
  File "/Volumes/RAID1 NVME SSD 2TB/akundu_programs_dev/programs/python/pythonv3/pub-py-scripts/stocks/.venv/lib/python3.13/site-packages/pandas/core/series.py", line 6468, in _reduce
    return op(delegate, skipna=skipna, **kwds)
  File "/Volumes/RAID1 NVME SSD 2TB/akundu_programs_dev/programs/python/pythonv3/pub-py-scripts/stocks/.venv/lib/python3.13/site-packages/pandas/core/nanops.py", line 147, in f
    result = alt(values, axis=axis, skipna=skipna, **kwds)
  File "/Volumes/RAID1 NVME SSD 2TB/akundu_programs_dev/programs/python/pythonv3/pub-py-scripts/stocks/.venv/lib/python3.13/site-packages/pandas/core/nanops.py", line 404, in new_func
    result = func(values, axis=axis, skipna=skipna, mask=mask, **kwargs)
  File "/Volumes/RAID1 NVME SSD 2TB/akundu_programs_dev/programs/python/pythonv3/pub-py-scripts/stocks/.venv/lib/python3.13/site-packages/pandas/core/nanops.py", line 1098, in reduction
    result = getattr(values, meth)(axis)
  File "/Volumes/RAID1 NVME SSD 2TB/akundu_programs_dev/programs/python/pythonv3/pub-py-scripts/stocks/.venv/lib/python3.13/site-packages/numpy/_core/_methods.py", line 47, in _amin
    return umr_minimum(a, axis, None, out, keepdims, initial, where)
TypeError: '<=' not supported between instances of 'Timestamp' and 'float'
Error processing spread analysis for GOOG: '<=' not supported between instances of 'Timestamp' and 'float'
Encountered 1 error(s) during spread processing
No spread results from any ticker
DataFrame is empty after analysis. Check debug output above for details.
No options data found matching the criteria.
